<?xml version="1.0" encoding="UTF-8"?>
<testng-results skipped="3" failed="1" ignored="0" total="36" passed="32">
  <reporter-output>
    <line>
      <![CDATA[Test is started:verifyLogin]]>
    </line>
    <line>
      <![CDATA[=========>Started verify login]]>
    </line>
    <line>
      <![CDATA[Entered login id====>>Demo and object is[[ChromeDriver: chrome on XP (718493c48771731ca9fccaa72467fce0)] -> xpath: //*[@id="username"]]]]>
    </line>
    <line>
      <![CDATA[Entered password====>> and object is[[ChromeDriver: chrome on XP (718493c48771731ca9fccaa72467fce0)] -> xpath: //*[@id="password"]]]]>
    </line>
    <line>
      <![CDATA[Clicked on submit button is[[ChromeDriver: chrome on XP (718493c48771731ca9fccaa72467fce0)] -> xpath: /html/body/div[2]/form[1]/div[6]/button]]]>
    </line>
    <line>
      <![CDATA[=========>Finished verify login]]>
    </line>
    <line>
      <![CDATA[<a href='C:\Users\nagarjuna\eclipse-workspace\VRRLogistics\src\main\java\com\test\automation\VRRLogistics\failure_screenshots\verifyLogin_17_04_2019_11_29_47.png'> <img src='C:\Users\nagarjuna\eclipse-workspace\VRRLogistics\src\main\java\com\test\automation\VRRLogistics\failure_screenshots\verifyLogin_17_04_2019_11_29_47.png' height='100' width='100'/> </a>]]>
    </line>
    <line>
      <![CDATA[<a href='C:\src\main\java\com\test\automation\VRRLogistics\screenshot\Screenshot-17_04_2019_11_29_48.png'><img src='C:\src\main\java\com\test\automation\VRRLogistics\screenshot\Screenshot-17_04_2019_11_29_48.png' height='100' width='100'/></a>]]>
    </line>
    <line>
      <![CDATA[Test is started:verifyLogin]]>
    </line>
    <line>
      <![CDATA[=========>Started verify login]]>
    </line>
    <line>
      <![CDATA[Entered login id====>> and object is[[ChromeDriver: chrome on XP (718493c48771731ca9fccaa72467fce0)] -> xpath: //*[@id="username"]]]]>
    </line>
    <line>
      <![CDATA[Entered password====>> and object is[[ChromeDriver: chrome on XP (718493c48771731ca9fccaa72467fce0)] -> xpath: //*[@id="password"]]]]>
    </line>
    <line>
      <![CDATA[Clicked on submit button is[[ChromeDriver: chrome on XP (718493c48771731ca9fccaa72467fce0)] -> xpath: /html/body/div[2]/form[1]/div[6]/button]]]>
    </line>
    <line>
      <![CDATA[=========>Finished verify login]]>
    </line>
    <line>
      <![CDATA[<a href='C:\Users\nagarjuna\eclipse-workspace\VRRLogistics\src\main\java\com\test\automation\VRRLogistics\failure_screenshots\verifyLogin_17_04_2019_11_29_49.png'> <img src='C:\Users\nagarjuna\eclipse-workspace\VRRLogistics\src\main\java\com\test\automation\VRRLogistics\failure_screenshots\verifyLogin_17_04_2019_11_29_49.png' height='100' width='100'/> </a>]]>
    </line>
    <line>
      <![CDATA[<a href='C:\src\main\java\com\test\automation\VRRLogistics\screenshot\Screenshot-17_04_2019_11_29_49.png'><img src='C:\src\main\java\com\test\automation\VRRLogistics\screenshot\Screenshot-17_04_2019_11_29_49.png' height='100' width='100'/></a>]]>
    </line>
    <line>
      <![CDATA[Test is started:verifyLogin]]>
    </line>
    <line>
      <![CDATA[=========>Started verify login]]>
    </line>
    <line>
      <![CDATA[Entered login id====>> and object is[[ChromeDriver: chrome on XP (718493c48771731ca9fccaa72467fce0)] -> xpath: //*[@id="username"]]]]>
    </line>
    <line>
      <![CDATA[Entered password====>>Info@123 and object is[[ChromeDriver: chrome on XP (718493c48771731ca9fccaa72467fce0)] -> xpath: //*[@id="password"]]]]>
    </line>
    <line>
      <![CDATA[Clicked on submit button is[[ChromeDriver: chrome on XP (718493c48771731ca9fccaa72467fce0)] -> xpath: /html/body/div[2]/form[1]/div[6]/button]]]>
    </line>
    <line>
      <![CDATA[=========>Finished verify login]]>
    </line>
    <line>
      <![CDATA[<a href='C:\Users\nagarjuna\eclipse-workspace\VRRLogistics\src\main\java\com\test\automation\VRRLogistics\failure_screenshots\verifyLogin_17_04_2019_11_29_50.png'> <img src='C:\Users\nagarjuna\eclipse-workspace\VRRLogistics\src\main\java\com\test\automation\VRRLogistics\failure_screenshots\verifyLogin_17_04_2019_11_29_50.png' height='100' width='100'/> </a>]]>
    </line>
    <line>
      <![CDATA[<a href='C:\src\main\java\com\test\automation\VRRLogistics\screenshot\Screenshot-17_04_2019_11_29_50.png'><img src='C:\src\main\java\com\test\automation\VRRLogistics\screenshot\Screenshot-17_04_2019_11_29_50.png' height='100' width='100'/></a>]]>
    </line>
    <line>
      <![CDATA[Test is started:verifyLogin]]>
    </line>
    <line>
      <![CDATA[=========>Started verify login]]>
    </line>
    <line>
      <![CDATA[Entered login id====>>helloo and object is[[ChromeDriver: chrome on XP (718493c48771731ca9fccaa72467fce0)] -> xpath: //*[@id="username"]]]]>
    </line>
    <line>
      <![CDATA[Entered password====>>ift and object is[[ChromeDriver: chrome on XP (718493c48771731ca9fccaa72467fce0)] -> xpath: //*[@id="password"]]]]>
    </line>
    <line>
      <![CDATA[Clicked on submit button is[[ChromeDriver: chrome on XP (718493c48771731ca9fccaa72467fce0)] -> xpath: /html/body/div[2]/form[1]/div[6]/button]]]>
    </line>
    <line>
      <![CDATA[=========>Finished verify login]]>
    </line>
    <line>
      <![CDATA[<a href='C:\Users\nagarjuna\eclipse-workspace\VRRLogistics\src\main\java\com\test\automation\VRRLogistics\failure_screenshots\verifyLogin_17_04_2019_11_30_12.png'> <img src='C:\Users\nagarjuna\eclipse-workspace\VRRLogistics\src\main\java\com\test\automation\VRRLogistics\failure_screenshots\verifyLogin_17_04_2019_11_30_12.png' height='100' width='100'/> </a>]]>
    </line>
    <line>
      <![CDATA[<a href='C:\src\main\java\com\test\automation\VRRLogistics\screenshot\Screenshot-17_04_2019_11_30_12.png'><img src='C:\src\main\java\com\test\automation\VRRLogistics\screenshot\Screenshot-17_04_2019_11_30_12.png' height='100' width='100'/></a>]]>
    </line>
    <line>
      <![CDATA[Test is started:verifyLogin]]>
    </line>
    <line>
      <![CDATA[=========>Started verify login]]>
    </line>
    <line>
      <![CDATA[Entered login id====>>fp-ifttest and object is[[ChromeDriver: chrome on XP (718493c48771731ca9fccaa72467fce0)] -> xpath: //*[@id="username"]]]]>
    </line>
    <line>
      <![CDATA[Entered password====>>hhh and object is[[ChromeDriver: chrome on XP (718493c48771731ca9fccaa72467fce0)] -> xpath: //*[@id="password"]]]]>
    </line>
    <line>
      <![CDATA[Clicked on submit button is[[ChromeDriver: chrome on XP (718493c48771731ca9fccaa72467fce0)] -> xpath: /html/body/div[2]/form[1]/div[6]/button]]]>
    </line>
    <line>
      <![CDATA[=========>Finished verify login]]>
    </line>
    <line>
      <![CDATA[<a href='C:\Users\nagarjuna\eclipse-workspace\VRRLogistics\src\main\java\com\test\automation\VRRLogistics\failure_screenshots\verifyLogin_17_04_2019_11_30_34.png'> <img src='C:\Users\nagarjuna\eclipse-workspace\VRRLogistics\src\main\java\com\test\automation\VRRLogistics\failure_screenshots\verifyLogin_17_04_2019_11_30_34.png' height='100' width='100'/> </a>]]>
    </line>
    <line>
      <![CDATA[<a href='C:\src\main\java\com\test\automation\VRRLogistics\screenshot\Screenshot-17_04_2019_11_30_35.png'><img src='C:\src\main\java\com\test\automation\VRRLogistics\screenshot\Screenshot-17_04_2019_11_30_35.png' height='100' width='100'/></a>]]>
    </line>
    <line>
      <![CDATA[Test is started:verifyLogin]]>
    </line>
    <line>
      <![CDATA[=========>Started verify login]]>
    </line>
    <line>
      <![CDATA[Entered login id====>>ffffg and object is[[ChromeDriver: chrome on XP (718493c48771731ca9fccaa72467fce0)] -> xpath: //*[@id="username"]]]]>
    </line>
    <line>
      <![CDATA[Entered password====>>fffff and object is[[ChromeDriver: chrome on XP (718493c48771731ca9fccaa72467fce0)] -> xpath: //*[@id="password"]]]]>
    </line>
    <line>
      <![CDATA[Clicked on submit button is[[ChromeDriver: chrome on XP (718493c48771731ca9fccaa72467fce0)] -> xpath: /html/body/div[2]/form[1]/div[6]/button]]]>
    </line>
    <line>
      <![CDATA[=========>Finished verify login]]>
    </line>
    <line>
      <![CDATA[<a href='C:\Users\nagarjuna\eclipse-workspace\VRRLogistics\src\main\java\com\test\automation\VRRLogistics\failure_screenshots\verifyLogin_17_04_2019_11_30_57.png'> <img src='C:\Users\nagarjuna\eclipse-workspace\VRRLogistics\src\main\java\com\test\automation\VRRLogistics\failure_screenshots\verifyLogin_17_04_2019_11_30_57.png' height='100' width='100'/> </a>]]>
    </line>
    <line>
      <![CDATA[<a href='C:\src\main\java\com\test\automation\VRRLogistics\screenshot\Screenshot-17_04_2019_11_30_57.png'><img src='C:\src\main\java\com\test\automation\VRRLogistics\screenshot\Screenshot-17_04_2019_11_30_57.png' height='100' width='100'/></a>]]>
    </line>
    <line>
      <![CDATA[Test is started:verifyLogin]]>
    </line>
    <line>
      <![CDATA[=========>Started verify login]]>
    </line>
    <line>
      <![CDATA[Entered login id====>>fp-ifttest and object is[[ChromeDriver: chrome on XP (718493c48771731ca9fccaa72467fce0)] -> xpath: //*[@id="username"]]]]>
    </line>
    <line>
      <![CDATA[Entered password====>>iftt and object is[[ChromeDriver: chrome on XP (718493c48771731ca9fccaa72467fce0)] -> xpath: //*[@id="password"]]]]>
    </line>
    <line>
      <![CDATA[Clicked on submit button is[[ChromeDriver: chrome on XP (718493c48771731ca9fccaa72467fce0)] -> xpath: /html/body/div[2]/form[1]/div[6]/button]]]>
    </line>
    <line>
      <![CDATA[=========>Finished verify login]]>
    </line>
    <line>
      <![CDATA[<a href='C:\Users\nagarjuna\eclipse-workspace\VRRLogistics\src\main\java\com\test\automation\VRRLogistics\failure_screenshots\verifyLogin_17_04_2019_11_31_19.png'> <img src='C:\Users\nagarjuna\eclipse-workspace\VRRLogistics\src\main\java\com\test\automation\VRRLogistics\failure_screenshots\verifyLogin_17_04_2019_11_31_19.png' height='100' width='100'/> </a>]]>
    </line>
    <line>
      <![CDATA[<a href='C:\src\main\java\com\test\automation\VRRLogistics\screenshot\Screenshot-17_04_2019_11_31_19.png'><img src='C:\src\main\java\com\test\automation\VRRLogistics\screenshot\Screenshot-17_04_2019_11_31_19.png' height='100' width='100'/></a>]]>
    </line>
    <line>
      <![CDATA[Test is started:changePassword]]>
    </line>
    <line>
      <![CDATA[=========>Started to click on Change Password option]]>
    </line>
    <line>
      <![CDATA[Entered login id====>>vrradmin and object is[[ChromeDriver: chrome on XP (0ecf1a946b1cc31e84168cdd09a29ce8)] -> xpath: //*[@id="username"]]]]>
    </line>
    <line>
      <![CDATA[Entered password====>>vrr123 and object is[[ChromeDriver: chrome on XP (0ecf1a946b1cc31e84168cdd09a29ce8)] -> xpath: //*[@id="password"]]]]>
    </line>
    <line>
      <![CDATA[Clicked on submit button isProxy element for: DefaultElementLocator 'By.xpath: /html/body/div[2]/form[1]/div[6]/button']]>
    </line>
    <line>
      <![CDATA[Performing mouse over on user profile dropdown]]>
    </line>
    <line>
      <![CDATA[Clicking on Change password from user profile dropdown]]>
    </line>
    <line>
      <![CDATA[=========>Clicked on Change password option]]>
    </line>
    <line>
      <![CDATA[Entered Current Password is====>>[[ChromeDriver: chrome on XP (0ecf1a946b1cc31e84168cdd09a29ce8)] -> xpath: //div[@class='input-group']/input[@id='currentpassword']]]]>
    </line>
    <line>
      <![CDATA[Entered New Password is====>>[[ChromeDriver: chrome on XP (0ecf1a946b1cc31e84168cdd09a29ce8)] -> xpath: //div[@class='input-group']/input[@id='newpassword']]]]>
    </line>
    <line>
      <![CDATA[Entered Confirm Password is====>>[[ChromeDriver: chrome on XP (0ecf1a946b1cc31e84168cdd09a29ce8)] -> xpath: //div[@class='input-group']/input[@id='confirmpassword']]]]>
    </line>
    <line>
      <![CDATA[Alert data: Passwords Should not be Empty.!]]>
    </line>
    <line>
      <![CDATA[<a href='C:\Users\nagarjuna\eclipse-workspace\VRRLogistics\src\main\java\com\test\automation\VRRLogistics\failure_screenshots\changePassword_17_04_2019_11_32_54.png'> <img src='C:\Users\nagarjuna\eclipse-workspace\VRRLogistics\src\main\java\com\test\automation\VRRLogistics\failure_screenshots\changePassword_17_04_2019_11_32_54.png' height='100' width='100'/> </a>]]>
    </line>
    <line>
      <![CDATA[<a href='C:\src\main\java\com\test\automation\VRRLogistics\screenshot\Screenshot-17_04_2019_11_32_55.png'><img src='C:\src\main\java\com\test\automation\VRRLogistics\screenshot\Screenshot-17_04_2019_11_32_55.png' height='100' width='100'/></a>]]>
    </line>
    <line>
      <![CDATA[Test is started:masterOption]]>
    </line>
    <line>
      <![CDATA[=========>Started Master-->Admin Module]]>
    </line>
    <line>
      <![CDATA[Entered login id====>>vrradmin and object is[[ChromeDriver: chrome on XP (3dc85a365f28f14a278187234289ff2f)] -> xpath: //*[@id="username"]]]]>
    </line>
    <line>
      <![CDATA[Entered password====>>vrr123 and object is[[ChromeDriver: chrome on XP (3dc85a365f28f14a278187234289ff2f)] -> xpath: //*[@id="password"]]]]>
    </line>
    <line>
      <![CDATA[Clicked on submit button isProxy element for: DefaultElementLocator 'By.xpath: /html/body/div[2]/form[1]/div[6]/button']]>
    </line>
    <line>
      <![CDATA[Clicked on hamburger icon id====>>[[ChromeDriver: chrome on XP (3dc85a365f28f14a278187234289ff2f)] -> xpath: //ul[@class='page-sidebar-menu']/li/div[@class='sidebar-toggler hidden-phone']] and object is[[ChromeDriver: chrome on XP (3dc85a365f28f14a278187234289ff2f)] -> xpath: //ul[@class='page-sidebar-menu']/li/div[@class='sidebar-toggler hidden-phone']]]]>
    </line>
    <line>
      <![CDATA[Clicked on master id====>>[[ChromeDriver: chrome on XP (3dc85a365f28f14a278187234289ff2f)] -> xpath: //span[text()='Masters']] and object is[[ChromeDriver: chrome on XP (3dc85a365f28f14a278187234289ff2f)] -> xpath: //span[text()='Masters']]]]>
    </line>
    <line>
      <![CDATA[Retrying testmasterOptionwith status nullfor the1time(s).]]>
    </line>
    <line>
      <![CDATA[Test is skipped:masterOption]]>
    </line>
    <line>
      <![CDATA[Test is started:masterOption]]>
    </line>
    <line>
      <![CDATA[=========>Started Master-->Admin Module]]>
    </line>
    <line>
      <![CDATA[Retrying testmasterOptionwith status nullfor the2time(s).]]>
    </line>
    <line>
      <![CDATA[Test is skipped:masterOption]]>
    </line>
    <line>
      <![CDATA[Test is started:masterOption]]>
    </line>
    <line>
      <![CDATA[=========>Started Master-->Admin Module]]>
    </line>
    <line>
      <![CDATA[Retrying testmasterOptionwith status nullfor the3time(s).]]>
    </line>
    <line>
      <![CDATA[Test is skipped:masterOption]]>
    </line>
    <line>
      <![CDATA[Test is started:masterOption]]>
    </line>
    <line>
      <![CDATA[=========>Started Master-->Admin Module]]>
    </line>
    <line>
      <![CDATA[<a href='C:\Users\nagarjuna\eclipse-workspace\VRRLogistics\src\main\java\com\test\automation\VRRLogistics\failure_screenshots\masterOption_17_04_2019_11_37_25.png'> <img src='C:\Users\nagarjuna\eclipse-workspace\VRRLogistics\src\main\java\com\test\automation\VRRLogistics\failure_screenshots\masterOption_17_04_2019_11_37_25.png' height='100' width='100'/> </a>]]>
    </line>
    <line>
      <![CDATA[<a href='C:\src\main\java\com\test\automation\VRRLogistics\screenshot\Screenshot-17_04_2019_11_37_25.png'><img src='C:\src\main\java\com\test\automation\VRRLogistics\screenshot\Screenshot-17_04_2019_11_37_25.png' height='100' width='100'/></a>]]>
    </line>
    <line>
      <![CDATA[Test is started:userProfile]]>
    </line>
    <line>
      <![CDATA[=========>Started User Profile Dropdown]]>
    </line>
    <line>
      <![CDATA[Entered login id====>>vrradmin and object is[[ChromeDriver: chrome on XP (1c788a6bfd04b7c1ee9445b5280c7ffc)] -> xpath: //*[@id="username"]]]]>
    </line>
    <line>
      <![CDATA[Entered password====>>vrr123 and object is[[ChromeDriver: chrome on XP (1c788a6bfd04b7c1ee9445b5280c7ffc)] -> xpath: //*[@id="password"]]]]>
    </line>
    <line>
      <![CDATA[Clicked on submit button isProxy element for: DefaultElementLocator 'By.xpath: /html/body/div[2]/form[1]/div[6]/button']]>
    </line>
    <line>
      <![CDATA[Performing mouse over on user profile dropdown]]>
    </line>
    <line>
      <![CDATA[Verifying dropdown list in user profile]]>
    </line>
    <line>
      <![CDATA[=========>Finished User Profile Dropdown]]>
    </line>
    <line>
      <![CDATA[<a href='C:\Users\nagarjuna\eclipse-workspace\VRRLogistics\src\main\java\com\test\automation\VRRLogistics\failure_screenshots\userProfile_17_04_2019_11_38_59.png'> <img src='C:\Users\nagarjuna\eclipse-workspace\VRRLogistics\src\main\java\com\test\automation\VRRLogistics\failure_screenshots\userProfile_17_04_2019_11_38_59.png' height='100' width='100'/> </a>]]>
    </line>
    <line>
      <![CDATA[<a href='C:\src\main\java\com\test\automation\VRRLogistics\screenshot\Screenshot-17_04_2019_11_38_59.png'><img src='C:\src\main\java\com\test\automation\VRRLogistics\screenshot\Screenshot-17_04_2019_11_38_59.png' height='100' width='100'/></a>]]>
    </line>
    <line>
      <![CDATA[Test is started:verifyLogo]]>
    </line>
    <line>
      <![CDATA[=========>Started Verifying logo]]>
    </line>
    <line>
      <![CDATA[Entered login id====>>vrradmin and object is[[ChromeDriver: chrome on XP (e17140bc1b32fa6b7f8c9beb4a2450da)] -> xpath: //*[@id="username"]]]]>
    </line>
    <line>
      <![CDATA[Entered password====>>vrr123 and object is[[ChromeDriver: chrome on XP (e17140bc1b32fa6b7f8c9beb4a2450da)] -> xpath: //*[@id="password"]]]]>
    </line>
    <line>
      <![CDATA[Clicked on submit button isProxy element for: DefaultElementLocator 'By.xpath: /html/body/div[2]/form[1]/div[6]/button']]>
    </line>
    <line>
      <![CDATA[Checking logo is present or not]]>
    </line>
    <line>
      <![CDATA[=========>Finished Verifying logo]]>
    </line>
    <line>
      <![CDATA[<a href='C:\Users\nagarjuna\eclipse-workspace\VRRLogistics\src\main\java\com\test\automation\VRRLogistics\failure_screenshots\verifyLogo_17_04_2019_11_40_33.png'> <img src='C:\Users\nagarjuna\eclipse-workspace\VRRLogistics\src\main\java\com\test\automation\VRRLogistics\failure_screenshots\verifyLogo_17_04_2019_11_40_33.png' height='100' width='100'/> </a>]]>
    </line>
    <line>
      <![CDATA[<a href='C:\src\main\java\com\test\automation\VRRLogistics\screenshot\Screenshot-17_04_2019_11_40_34.png'><img src='C:\src\main\java\com\test\automation\VRRLogistics\screenshot\Screenshot-17_04_2019_11_40_34.png' height='100' width='100'/></a>]]>
    </line>
    <line>
      <![CDATA[Test is finished:Test]]>
    </line>
    <line>
      <![CDATA[Test is started:verifyLogin]]>
    </line>
    <line>
      <![CDATA[=========>Started verify login]]>
    </line>
    <line>
      <![CDATA[Entered login id====>>Demo and object is[[FirefoxDriver: firefox on WINDOWS (6ff8d127-ed6c-4062-8a2c-c28fec850b82)] -> xpath: //*[@id="username"]]]]>
    </line>
    <line>
      <![CDATA[Entered password====>> and object is[[FirefoxDriver: firefox on WINDOWS (6ff8d127-ed6c-4062-8a2c-c28fec850b82)] -> xpath: //*[@id="password"]]]]>
    </line>
    <line>
      <![CDATA[Clicked on submit button is[[FirefoxDriver: firefox on WINDOWS (6ff8d127-ed6c-4062-8a2c-c28fec850b82)] -> xpath: /html/body/div[2]/form[1]/div[6]/button]]]>
    </line>
    <line>
      <![CDATA[=========>Finished verify login]]>
    </line>
    <line>
      <![CDATA[<a href='C:\Users\nagarjuna\eclipse-workspace\VRRLogistics\src\main\java\com\test\automation\VRRLogistics\failure_screenshots\verifyLogin_17_04_2019_11_41_04.png'> <img src='C:\Users\nagarjuna\eclipse-workspace\VRRLogistics\src\main\java\com\test\automation\VRRLogistics\failure_screenshots\verifyLogin_17_04_2019_11_41_04.png' height='100' width='100'/> </a>]]>
    </line>
    <line>
      <![CDATA[<a href='C:\src\main\java\com\test\automation\VRRLogistics\screenshot\Screenshot-17_04_2019_11_41_04.png'><img src='C:\src\main\java\com\test\automation\VRRLogistics\screenshot\Screenshot-17_04_2019_11_41_04.png' height='100' width='100'/></a>]]>
    </line>
    <line>
      <![CDATA[Test is started:verifyLogin]]>
    </line>
    <line>
      <![CDATA[=========>Started verify login]]>
    </line>
    <line>
      <![CDATA[Entered login id====>> and object is[[FirefoxDriver: firefox on WINDOWS (6ff8d127-ed6c-4062-8a2c-c28fec850b82)] -> xpath: //*[@id="username"]]]]>
    </line>
    <line>
      <![CDATA[Entered password====>> and object is[[FirefoxDriver: firefox on WINDOWS (6ff8d127-ed6c-4062-8a2c-c28fec850b82)] -> xpath: //*[@id="password"]]]]>
    </line>
    <line>
      <![CDATA[Clicked on submit button is[[FirefoxDriver: firefox on WINDOWS (6ff8d127-ed6c-4062-8a2c-c28fec850b82)] -> xpath: /html/body/div[2]/form[1]/div[6]/button]]]>
    </line>
    <line>
      <![CDATA[=========>Finished verify login]]>
    </line>
    <line>
      <![CDATA[<a href='C:\Users\nagarjuna\eclipse-workspace\VRRLogistics\src\main\java\com\test\automation\VRRLogistics\failure_screenshots\verifyLogin_17_04_2019_11_41_04.png'> <img src='C:\Users\nagarjuna\eclipse-workspace\VRRLogistics\src\main\java\com\test\automation\VRRLogistics\failure_screenshots\verifyLogin_17_04_2019_11_41_04.png' height='100' width='100'/> </a>]]>
    </line>
    <line>
      <![CDATA[<a href='C:\src\main\java\com\test\automation\VRRLogistics\screenshot\Screenshot-17_04_2019_11_41_04.png'><img src='C:\src\main\java\com\test\automation\VRRLogistics\screenshot\Screenshot-17_04_2019_11_41_04.png' height='100' width='100'/></a>]]>
    </line>
    <line>
      <![CDATA[Test is started:verifyLogin]]>
    </line>
    <line>
      <![CDATA[=========>Started verify login]]>
    </line>
    <line>
      <![CDATA[Entered login id====>> and object is[[FirefoxDriver: firefox on WINDOWS (6ff8d127-ed6c-4062-8a2c-c28fec850b82)] -> xpath: //*[@id="username"]]]]>
    </line>
    <line>
      <![CDATA[Entered password====>>Info@123 and object is[[FirefoxDriver: firefox on WINDOWS (6ff8d127-ed6c-4062-8a2c-c28fec850b82)] -> xpath: //*[@id="password"]]]]>
    </line>
    <line>
      <![CDATA[Clicked on submit button is[[FirefoxDriver: firefox on WINDOWS (6ff8d127-ed6c-4062-8a2c-c28fec850b82)] -> xpath: /html/body/div[2]/form[1]/div[6]/button]]]>
    </line>
    <line>
      <![CDATA[=========>Finished verify login]]>
    </line>
    <line>
      <![CDATA[<a href='C:\Users\nagarjuna\eclipse-workspace\VRRLogistics\src\main\java\com\test\automation\VRRLogistics\failure_screenshots\verifyLogin_17_04_2019_11_41_05.png'> <img src='C:\Users\nagarjuna\eclipse-workspace\VRRLogistics\src\main\java\com\test\automation\VRRLogistics\failure_screenshots\verifyLogin_17_04_2019_11_41_05.png' height='100' width='100'/> </a>]]>
    </line>
    <line>
      <![CDATA[<a href='C:\src\main\java\com\test\automation\VRRLogistics\screenshot\Screenshot-17_04_2019_11_41_05.png'><img src='C:\src\main\java\com\test\automation\VRRLogistics\screenshot\Screenshot-17_04_2019_11_41_05.png' height='100' width='100'/></a>]]>
    </line>
    <line>
      <![CDATA[Test is started:verifyLogin]]>
    </line>
    <line>
      <![CDATA[=========>Started verify login]]>
    </line>
    <line>
      <![CDATA[Entered login id====>>helloo and object is[[FirefoxDriver: firefox on WINDOWS (6ff8d127-ed6c-4062-8a2c-c28fec850b82)] -> xpath: //*[@id="username"]]]]>
    </line>
    <line>
      <![CDATA[Entered password====>>ift and object is[[FirefoxDriver: firefox on WINDOWS (6ff8d127-ed6c-4062-8a2c-c28fec850b82)] -> xpath: //*[@id="password"]]]]>
    </line>
    <line>
      <![CDATA[Clicked on submit button is[[FirefoxDriver: firefox on WINDOWS (6ff8d127-ed6c-4062-8a2c-c28fec850b82)] -> xpath: /html/body/div[2]/form[1]/div[6]/button]]]>
    </line>
    <line>
      <![CDATA[=========>Finished verify login]]>
    </line>
    <line>
      <![CDATA[<a href='C:\Users\nagarjuna\eclipse-workspace\VRRLogistics\src\main\java\com\test\automation\VRRLogistics\failure_screenshots\verifyLogin_17_04_2019_11_41_48.png'> <img src='C:\Users\nagarjuna\eclipse-workspace\VRRLogistics\src\main\java\com\test\automation\VRRLogistics\failure_screenshots\verifyLogin_17_04_2019_11_41_48.png' height='100' width='100'/> </a>]]>
    </line>
    <line>
      <![CDATA[<a href='C:\src\main\java\com\test\automation\VRRLogistics\screenshot\Screenshot-17_04_2019_11_41_48.png'><img src='C:\src\main\java\com\test\automation\VRRLogistics\screenshot\Screenshot-17_04_2019_11_41_48.png' height='100' width='100'/></a>]]>
    </line>
    <line>
      <![CDATA[Test is started:verifyLogin]]>
    </line>
    <line>
      <![CDATA[=========>Started verify login]]>
    </line>
    <line>
      <![CDATA[Entered login id====>>fp-ifttest and object is[[FirefoxDriver: firefox on WINDOWS (6ff8d127-ed6c-4062-8a2c-c28fec850b82)] -> xpath: //*[@id="username"]]]]>
    </line>
    <line>
      <![CDATA[Entered password====>>hhh and object is[[FirefoxDriver: firefox on WINDOWS (6ff8d127-ed6c-4062-8a2c-c28fec850b82)] -> xpath: //*[@id="password"]]]]>
    </line>
    <line>
      <![CDATA[Clicked on submit button is[[FirefoxDriver: firefox on WINDOWS (6ff8d127-ed6c-4062-8a2c-c28fec850b82)] -> xpath: /html/body/div[2]/form[1]/div[6]/button]]]>
    </line>
    <line>
      <![CDATA[=========>Finished verify login]]>
    </line>
    <line>
      <![CDATA[<a href='C:\Users\nagarjuna\eclipse-workspace\VRRLogistics\src\main\java\com\test\automation\VRRLogistics\failure_screenshots\verifyLogin_17_04_2019_11_42_31.png'> <img src='C:\Users\nagarjuna\eclipse-workspace\VRRLogistics\src\main\java\com\test\automation\VRRLogistics\failure_screenshots\verifyLogin_17_04_2019_11_42_31.png' height='100' width='100'/> </a>]]>
    </line>
    <line>
      <![CDATA[<a href='C:\src\main\java\com\test\automation\VRRLogistics\screenshot\Screenshot-17_04_2019_11_42_31.png'><img src='C:\src\main\java\com\test\automation\VRRLogistics\screenshot\Screenshot-17_04_2019_11_42_31.png' height='100' width='100'/></a>]]>
    </line>
    <line>
      <![CDATA[Test is started:verifyLogin]]>
    </line>
    <line>
      <![CDATA[=========>Started verify login]]>
    </line>
    <line>
      <![CDATA[Entered login id====>>ffffg and object is[[FirefoxDriver: firefox on WINDOWS (6ff8d127-ed6c-4062-8a2c-c28fec850b82)] -> xpath: //*[@id="username"]]]]>
    </line>
    <line>
      <![CDATA[Entered password====>>fffff and object is[[FirefoxDriver: firefox on WINDOWS (6ff8d127-ed6c-4062-8a2c-c28fec850b82)] -> xpath: //*[@id="password"]]]]>
    </line>
    <line>
      <![CDATA[Clicked on submit button is[[FirefoxDriver: firefox on WINDOWS (6ff8d127-ed6c-4062-8a2c-c28fec850b82)] -> xpath: /html/body/div[2]/form[1]/div[6]/button]]]>
    </line>
    <line>
      <![CDATA[=========>Finished verify login]]>
    </line>
    <line>
      <![CDATA[<a href='C:\Users\nagarjuna\eclipse-workspace\VRRLogistics\src\main\java\com\test\automation\VRRLogistics\failure_screenshots\verifyLogin_17_04_2019_11_43_14.png'> <img src='C:\Users\nagarjuna\eclipse-workspace\VRRLogistics\src\main\java\com\test\automation\VRRLogistics\failure_screenshots\verifyLogin_17_04_2019_11_43_14.png' height='100' width='100'/> </a>]]>
    </line>
    <line>
      <![CDATA[<a href='C:\src\main\java\com\test\automation\VRRLogistics\screenshot\Screenshot-17_04_2019_11_43_14.png'><img src='C:\src\main\java\com\test\automation\VRRLogistics\screenshot\Screenshot-17_04_2019_11_43_14.png' height='100' width='100'/></a>]]>
    </line>
    <line>
      <![CDATA[Test is started:verifyLogin]]>
    </line>
    <line>
      <![CDATA[=========>Started verify login]]>
    </line>
    <line>
      <![CDATA[Entered login id====>>fp-ifttest and object is[[FirefoxDriver: firefox on WINDOWS (6ff8d127-ed6c-4062-8a2c-c28fec850b82)] -> xpath: //*[@id="username"]]]]>
    </line>
    <line>
      <![CDATA[Entered password====>>iftt and object is[[FirefoxDriver: firefox on WINDOWS (6ff8d127-ed6c-4062-8a2c-c28fec850b82)] -> xpath: //*[@id="password"]]]]>
    </line>
    <line>
      <![CDATA[Clicked on submit button is[[FirefoxDriver: firefox on WINDOWS (6ff8d127-ed6c-4062-8a2c-c28fec850b82)] -> xpath: /html/body/div[2]/form[1]/div[6]/button]]]>
    </line>
    <line>
      <![CDATA[=========>Finished verify login]]>
    </line>
    <line>
      <![CDATA[<a href='C:\Users\nagarjuna\eclipse-workspace\VRRLogistics\src\main\java\com\test\automation\VRRLogistics\failure_screenshots\verifyLogin_17_04_2019_11_43_57.png'> <img src='C:\Users\nagarjuna\eclipse-workspace\VRRLogistics\src\main\java\com\test\automation\VRRLogistics\failure_screenshots\verifyLogin_17_04_2019_11_43_57.png' height='100' width='100'/> </a>]]>
    </line>
    <line>
      <![CDATA[<a href='C:\src\main\java\com\test\automation\VRRLogistics\screenshot\Screenshot-17_04_2019_11_43_58.png'><img src='C:\src\main\java\com\test\automation\VRRLogistics\screenshot\Screenshot-17_04_2019_11_43_58.png' height='100' width='100'/></a>]]>
    </line>
    <line>
      <![CDATA[Test is started:changePassword]]>
    </line>
    <line>
      <![CDATA[=========>Started to click on Change Password option]]>
    </line>
    <line>
      <![CDATA[Entered login id====>>vrradmin and object is[[FirefoxDriver: firefox on WINDOWS (9bd747a4-9b51-4c6a-a658-5502d255357e)] -> xpath: //*[@id="username"]]]]>
    </line>
    <line>
      <![CDATA[Entered password====>>vrr123 and object is[[FirefoxDriver: firefox on WINDOWS (9bd747a4-9b51-4c6a-a658-5502d255357e)] -> xpath: //*[@id="password"]]]]>
    </line>
    <line>
      <![CDATA[Clicked on submit button isProxy element for: DefaultElementLocator 'By.xpath: /html/body/div[2]/form[1]/div[6]/button']]>
    </line>
    <line>
      <![CDATA[Performing mouse over on user profile dropdown]]>
    </line>
    <line>
      <![CDATA[Clicking on Change password from user profile dropdown]]>
    </line>
    <line>
      <![CDATA[=========>Clicked on Change password option]]>
    </line>
    <line>
      <![CDATA[Entered Current Password is====>>[[FirefoxDriver: firefox on WINDOWS (9bd747a4-9b51-4c6a-a658-5502d255357e)] -> xpath: //div[@class='input-group']/input[@id='currentpassword']]]]>
    </line>
    <line>
      <![CDATA[Entered New Password is====>>[[FirefoxDriver: firefox on WINDOWS (9bd747a4-9b51-4c6a-a658-5502d255357e)] -> xpath: //div[@class='input-group']/input[@id='newpassword']]]]>
    </line>
    <line>
      <![CDATA[Entered Confirm Password is====>>[[FirefoxDriver: firefox on WINDOWS (9bd747a4-9b51-4c6a-a658-5502d255357e)] -> xpath: //div[@class='input-group']/input[@id='confirmpassword']]]]>
    </line>
    <line>
      <![CDATA[<a href='C:\Users\nagarjuna\eclipse-workspace\VRRLogistics\src\main\java\com\test\automation\VRRLogistics\failure_screenshots\changePassword_17_04_2019_11_45_32.png'> <img src='C:\Users\nagarjuna\eclipse-workspace\VRRLogistics\src\main\java\com\test\automation\VRRLogistics\failure_screenshots\changePassword_17_04_2019_11_45_32.png' height='100' width='100'/> </a>]]>
    </line>
    <line>
      <![CDATA[<a href='C:\src\main\java\com\test\automation\VRRLogistics\screenshot\Screenshot-17_04_2019_11_45_32.png'><img src='C:\src\main\java\com\test\automation\VRRLogistics\screenshot\Screenshot-17_04_2019_11_45_32.png' height='100' width='100'/></a>]]>
    </line>
    <line>
      <![CDATA[Test is started:masterOption]]>
    </line>
    <line>
      <![CDATA[=========>Started Master-->Admin Module]]>
    </line>
    <line>
      <![CDATA[Entered login id====>>vrradmin and object is[[FirefoxDriver: firefox on WINDOWS (20f8523c-94ba-47a3-984a-7730da0f5f3c)] -> xpath: //*[@id="username"]]]]>
    </line>
    <line>
      <![CDATA[Entered password====>>vrr123 and object is[[FirefoxDriver: firefox on WINDOWS (20f8523c-94ba-47a3-984a-7730da0f5f3c)] -> xpath: //*[@id="password"]]]]>
    </line>
    <line>
      <![CDATA[Clicked on submit button isProxy element for: DefaultElementLocator 'By.xpath: /html/body/div[2]/form[1]/div[6]/button']]>
    </line>
    <line>
      <![CDATA[Clicked on hamburger icon id====>>[[FirefoxDriver: firefox on WINDOWS (20f8523c-94ba-47a3-984a-7730da0f5f3c)] -> xpath: //ul[@class='page-sidebar-menu']/li/div[@class='sidebar-toggler hidden-phone']] and object is[[FirefoxDriver: firefox on WINDOWS (20f8523c-94ba-47a3-984a-7730da0f5f3c)] -> xpath: //ul[@class='page-sidebar-menu']/li/div[@class='sidebar-toggler hidden-phone']]]]>
    </line>
    <line>
      <![CDATA[Clicked on master id====>>[[FirefoxDriver: firefox on WINDOWS (20f8523c-94ba-47a3-984a-7730da0f5f3c)] -> xpath: //span[text()='Masters']] and object is[[FirefoxDriver: firefox on WINDOWS (20f8523c-94ba-47a3-984a-7730da0f5f3c)] -> xpath: //span[text()='Masters']]]]>
    </line>
    <line>
      <![CDATA[Clicked on admin id====>>[[FirefoxDriver: firefox on WINDOWS (20f8523c-94ba-47a3-984a-7730da0f5f3c)] -> xpath: //*[@id="lnk7"]/a] and object is[[FirefoxDriver: firefox on WINDOWS (20f8523c-94ba-47a3-984a-7730da0f5f3c)] -> xpath: //*[@id="lnk7"]/a]]]>
    </line>
    <line>
      <![CDATA[Clicked on DynamicTripUpload id====>>[[FirefoxDriver: firefox on WINDOWS (20f8523c-94ba-47a3-984a-7730da0f5f3c)] -> xpath: //*[@id="lnk166"]/a] and object is[[FirefoxDriver: firefox on WINDOWS (20f8523c-94ba-47a3-984a-7730da0f5f3c)] -> xpath: //*[@id="lnk166"]/a]]]>
    </line>
    <line>
      <![CDATA[Total Number of columns count in a table: 16]]>
    </line>
    <line>
      <![CDATA[Total Number of rows count in a table: 92]]>
    </line>
    <line>
      <![CDATA[=========>Finished Master-->Admin Module]]>
    </line>
    <line>
      <![CDATA[<a href='C:\Users\nagarjuna\eclipse-workspace\VRRLogistics\src\main\java\com\test\automation\VRRLogistics\failure_screenshots\masterOption_17_04_2019_11_47_08.png'> <img src='C:\Users\nagarjuna\eclipse-workspace\VRRLogistics\src\main\java\com\test\automation\VRRLogistics\failure_screenshots\masterOption_17_04_2019_11_47_08.png' height='100' width='100'/> </a>]]>
    </line>
    <line>
      <![CDATA[<a href='C:\src\main\java\com\test\automation\VRRLogistics\screenshot\Screenshot-17_04_2019_11_47_08.png'><img src='C:\src\main\java\com\test\automation\VRRLogistics\screenshot\Screenshot-17_04_2019_11_47_08.png' height='100' width='100'/></a>]]>
    </line>
    <line>
      <![CDATA[Test is started:userProfile]]>
    </line>
    <line>
      <![CDATA[=========>Started User Profile Dropdown]]>
    </line>
    <line>
      <![CDATA[Entered login id====>>vrradmin and object is[[FirefoxDriver: firefox on WINDOWS (1990fb9d-31b2-4d84-a390-1e9da06aec98)] -> xpath: //*[@id="username"]]]]>
    </line>
    <line>
      <![CDATA[Entered password====>>vrr123 and object is[[FirefoxDriver: firefox on WINDOWS (1990fb9d-31b2-4d84-a390-1e9da06aec98)] -> xpath: //*[@id="password"]]]]>
    </line>
    <line>
      <![CDATA[Clicked on submit button isProxy element for: DefaultElementLocator 'By.xpath: /html/body/div[2]/form[1]/div[6]/button']]>
    </line>
    <line>
      <![CDATA[Performing mouse over on user profile dropdown]]>
    </line>
    <line>
      <![CDATA[Verifying dropdown list in user profile]]>
    </line>
    <line>
      <![CDATA[=========>Finished User Profile Dropdown]]>
    </line>
    <line>
      <![CDATA[<a href='C:\Users\nagarjuna\eclipse-workspace\VRRLogistics\src\main\java\com\test\automation\VRRLogistics\failure_screenshots\userProfile_17_04_2019_11_48_40.png'> <img src='C:\Users\nagarjuna\eclipse-workspace\VRRLogistics\src\main\java\com\test\automation\VRRLogistics\failure_screenshots\userProfile_17_04_2019_11_48_40.png' height='100' width='100'/> </a>]]>
    </line>
    <line>
      <![CDATA[<a href='C:\src\main\java\com\test\automation\VRRLogistics\screenshot\Screenshot-17_04_2019_11_48_40.png'><img src='C:\src\main\java\com\test\automation\VRRLogistics\screenshot\Screenshot-17_04_2019_11_48_40.png' height='100' width='100'/></a>]]>
    </line>
    <line>
      <![CDATA[Test is started:verifyLogo]]>
    </line>
    <line>
      <![CDATA[=========>Started Verifying logo]]>
    </line>
    <line>
      <![CDATA[Entered login id====>>vrradmin and object is[[FirefoxDriver: firefox on WINDOWS (e1f7813b-adaf-4402-af54-4fd568f696d3)] -> xpath: //*[@id="username"]]]]>
    </line>
    <line>
      <![CDATA[Entered password====>>vrr123 and object is[[FirefoxDriver: firefox on WINDOWS (e1f7813b-adaf-4402-af54-4fd568f696d3)] -> xpath: //*[@id="password"]]]]>
    </line>
    <line>
      <![CDATA[Clicked on submit button isProxy element for: DefaultElementLocator 'By.xpath: /html/body/div[2]/form[1]/div[6]/button']]>
    </line>
    <line>
      <![CDATA[Checking logo is present or not]]>
    </line>
    <line>
      <![CDATA[=========>Finished Verifying logo]]>
    </line>
    <line>
      <![CDATA[<a href='C:\Users\nagarjuna\eclipse-workspace\VRRLogistics\src\main\java\com\test\automation\VRRLogistics\failure_screenshots\verifyLogo_17_04_2019_11_50_11.png'> <img src='C:\Users\nagarjuna\eclipse-workspace\VRRLogistics\src\main\java\com\test\automation\VRRLogistics\failure_screenshots\verifyLogo_17_04_2019_11_50_11.png' height='100' width='100'/> </a>]]>
    </line>
    <line>
      <![CDATA[<a href='C:\src\main\java\com\test\automation\VRRLogistics\screenshot\Screenshot-17_04_2019_11_50_11.png'><img src='C:\src\main\java\com\test\automation\VRRLogistics\screenshot\Screenshot-17_04_2019_11_50_11.png' height='100' width='100'/></a>]]>
    </line>
    <line>
      <![CDATA[Test is finished:Test]]>
    </line>
    <line>
      <![CDATA[Test is finished:Test1]]>
    </line>
    <line>
      <![CDATA[Test is started:verifyLogin]]>
    </line>
    <line>
      <![CDATA[=========>Started verify login]]>
    </line>
    <line>
      <![CDATA[Entered login id====>>Demo and object is[[InternetExplorerDriver: internet explorer on WINDOWS (6713c176-c65d-4f36-b099-4d7789529334)] -> xpath: //*[@id="username"]]]]>
    </line>
    <line>
      <![CDATA[Entered password====>> and object is[[InternetExplorerDriver: internet explorer on WINDOWS (6713c176-c65d-4f36-b099-4d7789529334)] -> xpath: //*[@id="password"]]]]>
    </line>
    <line>
      <![CDATA[Clicked on submit button is[[InternetExplorerDriver: internet explorer on WINDOWS (6713c176-c65d-4f36-b099-4d7789529334)] -> xpath: /html/body/div[2]/form[1]/div[6]/button]]]>
    </line>
    <line>
      <![CDATA[=========>Finished verify login]]>
    </line>
    <line>
      <![CDATA[<a href='C:\Users\nagarjuna\eclipse-workspace\VRRLogistics\src\main\java\com\test\automation\VRRLogistics\failure_screenshots\verifyLogin_17_04_2019_11_50_24.png'> <img src='C:\Users\nagarjuna\eclipse-workspace\VRRLogistics\src\main\java\com\test\automation\VRRLogistics\failure_screenshots\verifyLogin_17_04_2019_11_50_24.png' height='100' width='100'/> </a>]]>
    </line>
    <line>
      <![CDATA[<a href='C:\src\main\java\com\test\automation\VRRLogistics\screenshot\Screenshot-17_04_2019_11_50_24.png'><img src='C:\src\main\java\com\test\automation\VRRLogistics\screenshot\Screenshot-17_04_2019_11_50_24.png' height='100' width='100'/></a>]]>
    </line>
    <line>
      <![CDATA[Test is started:verifyLogin]]>
    </line>
    <line>
      <![CDATA[=========>Started verify login]]>
    </line>
    <line>
      <![CDATA[Entered login id====>> and object is[[InternetExplorerDriver: internet explorer on WINDOWS (6713c176-c65d-4f36-b099-4d7789529334)] -> xpath: //*[@id="username"]]]]>
    </line>
    <line>
      <![CDATA[Entered password====>> and object is[[InternetExplorerDriver: internet explorer on WINDOWS (6713c176-c65d-4f36-b099-4d7789529334)] -> xpath: //*[@id="password"]]]]>
    </line>
    <line>
      <![CDATA[Clicked on submit button is[[InternetExplorerDriver: internet explorer on WINDOWS (6713c176-c65d-4f36-b099-4d7789529334)] -> xpath: /html/body/div[2]/form[1]/div[6]/button]]]>
    </line>
    <line>
      <![CDATA[=========>Finished verify login]]>
    </line>
    <line>
      <![CDATA[<a href='C:\Users\nagarjuna\eclipse-workspace\VRRLogistics\src\main\java\com\test\automation\VRRLogistics\failure_screenshots\verifyLogin_17_04_2019_11_50_26.png'> <img src='C:\Users\nagarjuna\eclipse-workspace\VRRLogistics\src\main\java\com\test\automation\VRRLogistics\failure_screenshots\verifyLogin_17_04_2019_11_50_26.png' height='100' width='100'/> </a>]]>
    </line>
    <line>
      <![CDATA[<a href='C:\src\main\java\com\test\automation\VRRLogistics\screenshot\Screenshot-17_04_2019_11_50_26.png'><img src='C:\src\main\java\com\test\automation\VRRLogistics\screenshot\Screenshot-17_04_2019_11_50_26.png' height='100' width='100'/></a>]]>
    </line>
    <line>
      <![CDATA[Test is started:verifyLogin]]>
    </line>
    <line>
      <![CDATA[=========>Started verify login]]>
    </line>
    <line>
      <![CDATA[Entered login id====>> and object is[[InternetExplorerDriver: internet explorer on WINDOWS (6713c176-c65d-4f36-b099-4d7789529334)] -> xpath: //*[@id="username"]]]]>
    </line>
    <line>
      <![CDATA[Entered password====>>Info@123 and object is[[InternetExplorerDriver: internet explorer on WINDOWS (6713c176-c65d-4f36-b099-4d7789529334)] -> xpath: //*[@id="password"]]]]>
    </line>
    <line>
      <![CDATA[Clicked on submit button is[[InternetExplorerDriver: internet explorer on WINDOWS (6713c176-c65d-4f36-b099-4d7789529334)] -> xpath: /html/body/div[2]/form[1]/div[6]/button]]]>
    </line>
    <line>
      <![CDATA[=========>Finished verify login]]>
    </line>
    <line>
      <![CDATA[<a href='C:\Users\nagarjuna\eclipse-workspace\VRRLogistics\src\main\java\com\test\automation\VRRLogistics\failure_screenshots\verifyLogin_17_04_2019_11_50_28.png'> <img src='C:\Users\nagarjuna\eclipse-workspace\VRRLogistics\src\main\java\com\test\automation\VRRLogistics\failure_screenshots\verifyLogin_17_04_2019_11_50_28.png' height='100' width='100'/> </a>]]>
    </line>
    <line>
      <![CDATA[<a href='C:\src\main\java\com\test\automation\VRRLogistics\screenshot\Screenshot-17_04_2019_11_50_28.png'><img src='C:\src\main\java\com\test\automation\VRRLogistics\screenshot\Screenshot-17_04_2019_11_50_28.png' height='100' width='100'/></a>]]>
    </line>
    <line>
      <![CDATA[Test is started:verifyLogin]]>
    </line>
    <line>
      <![CDATA[=========>Started verify login]]>
    </line>
    <line>
      <![CDATA[Entered login id====>>helloo and object is[[InternetExplorerDriver: internet explorer on WINDOWS (6713c176-c65d-4f36-b099-4d7789529334)] -> xpath: //*[@id="username"]]]]>
    </line>
    <line>
      <![CDATA[Entered password====>>ift and object is[[InternetExplorerDriver: internet explorer on WINDOWS (6713c176-c65d-4f36-b099-4d7789529334)] -> xpath: //*[@id="password"]]]]>
    </line>
    <line>
      <![CDATA[Clicked on submit button is[[InternetExplorerDriver: internet explorer on WINDOWS (6713c176-c65d-4f36-b099-4d7789529334)] -> xpath: /html/body/div[2]/form[1]/div[6]/button]]]>
    </line>
    <line>
      <![CDATA[=========>Finished verify login]]>
    </line>
    <line>
      <![CDATA[<a href='C:\Users\nagarjuna\eclipse-workspace\VRRLogistics\src\main\java\com\test\automation\VRRLogistics\failure_screenshots\verifyLogin_17_04_2019_11_50_37.png'> <img src='C:\Users\nagarjuna\eclipse-workspace\VRRLogistics\src\main\java\com\test\automation\VRRLogistics\failure_screenshots\verifyLogin_17_04_2019_11_50_37.png' height='100' width='100'/> </a>]]>
    </line>
    <line>
      <![CDATA[<a href='C:\src\main\java\com\test\automation\VRRLogistics\screenshot\Screenshot-17_04_2019_11_50_37.png'><img src='C:\src\main\java\com\test\automation\VRRLogistics\screenshot\Screenshot-17_04_2019_11_50_37.png' height='100' width='100'/></a>]]>
    </line>
    <line>
      <![CDATA[Test is started:verifyLogin]]>
    </line>
    <line>
      <![CDATA[=========>Started verify login]]>
    </line>
    <line>
      <![CDATA[Entered login id====>>fp-ifttest and object is[[InternetExplorerDriver: internet explorer on WINDOWS (6713c176-c65d-4f36-b099-4d7789529334)] -> xpath: //*[@id="username"]]]]>
    </line>
    <line>
      <![CDATA[Entered password====>>hhh and object is[[InternetExplorerDriver: internet explorer on WINDOWS (6713c176-c65d-4f36-b099-4d7789529334)] -> xpath: //*[@id="password"]]]]>
    </line>
    <line>
      <![CDATA[Clicked on submit button is[[InternetExplorerDriver: internet explorer on WINDOWS (6713c176-c65d-4f36-b099-4d7789529334)] -> xpath: /html/body/div[2]/form[1]/div[6]/button]]]>
    </line>
    <line>
      <![CDATA[=========>Finished verify login]]>
    </line>
    <line>
      <![CDATA[<a href='C:\Users\nagarjuna\eclipse-workspace\VRRLogistics\src\main\java\com\test\automation\VRRLogistics\failure_screenshots\verifyLogin_17_04_2019_11_50_46.png'> <img src='C:\Users\nagarjuna\eclipse-workspace\VRRLogistics\src\main\java\com\test\automation\VRRLogistics\failure_screenshots\verifyLogin_17_04_2019_11_50_46.png' height='100' width='100'/> </a>]]>
    </line>
    <line>
      <![CDATA[<a href='C:\src\main\java\com\test\automation\VRRLogistics\screenshot\Screenshot-17_04_2019_11_50_46.png'><img src='C:\src\main\java\com\test\automation\VRRLogistics\screenshot\Screenshot-17_04_2019_11_50_46.png' height='100' width='100'/></a>]]>
    </line>
    <line>
      <![CDATA[Test is started:verifyLogin]]>
    </line>
    <line>
      <![CDATA[=========>Started verify login]]>
    </line>
    <line>
      <![CDATA[Entered login id====>>ffffg and object is[[InternetExplorerDriver: internet explorer on WINDOWS (6713c176-c65d-4f36-b099-4d7789529334)] -> xpath: //*[@id="username"]]]]>
    </line>
    <line>
      <![CDATA[Entered password====>>fffff and object is[[InternetExplorerDriver: internet explorer on WINDOWS (6713c176-c65d-4f36-b099-4d7789529334)] -> xpath: //*[@id="password"]]]]>
    </line>
    <line>
      <![CDATA[Clicked on submit button is[[InternetExplorerDriver: internet explorer on WINDOWS (6713c176-c65d-4f36-b099-4d7789529334)] -> xpath: /html/body/div[2]/form[1]/div[6]/button]]]>
    </line>
    <line>
      <![CDATA[=========>Finished verify login]]>
    </line>
    <line>
      <![CDATA[<a href='C:\Users\nagarjuna\eclipse-workspace\VRRLogistics\src\main\java\com\test\automation\VRRLogistics\failure_screenshots\verifyLogin_17_04_2019_11_50_56.png'> <img src='C:\Users\nagarjuna\eclipse-workspace\VRRLogistics\src\main\java\com\test\automation\VRRLogistics\failure_screenshots\verifyLogin_17_04_2019_11_50_56.png' height='100' width='100'/> </a>]]>
    </line>
    <line>
      <![CDATA[<a href='C:\src\main\java\com\test\automation\VRRLogistics\screenshot\Screenshot-17_04_2019_11_50_56.png'><img src='C:\src\main\java\com\test\automation\VRRLogistics\screenshot\Screenshot-17_04_2019_11_50_56.png' height='100' width='100'/></a>]]>
    </line>
    <line>
      <![CDATA[Test is started:verifyLogin]]>
    </line>
    <line>
      <![CDATA[=========>Started verify login]]>
    </line>
    <line>
      <![CDATA[Entered login id====>>fp-ifttest and object is[[InternetExplorerDriver: internet explorer on WINDOWS (6713c176-c65d-4f36-b099-4d7789529334)] -> xpath: //*[@id="username"]]]]>
    </line>
    <line>
      <![CDATA[Entered password====>>iftt and object is[[InternetExplorerDriver: internet explorer on WINDOWS (6713c176-c65d-4f36-b099-4d7789529334)] -> xpath: //*[@id="password"]]]]>
    </line>
    <line>
      <![CDATA[Clicked on submit button is[[InternetExplorerDriver: internet explorer on WINDOWS (6713c176-c65d-4f36-b099-4d7789529334)] -> xpath: /html/body/div[2]/form[1]/div[6]/button]]]>
    </line>
    <line>
      <![CDATA[=========>Finished verify login]]>
    </line>
    <line>
      <![CDATA[<a href='C:\Users\nagarjuna\eclipse-workspace\VRRLogistics\src\main\java\com\test\automation\VRRLogistics\failure_screenshots\verifyLogin_17_04_2019_11_51_06.png'> <img src='C:\Users\nagarjuna\eclipse-workspace\VRRLogistics\src\main\java\com\test\automation\VRRLogistics\failure_screenshots\verifyLogin_17_04_2019_11_51_06.png' height='100' width='100'/> </a>]]>
    </line>
    <line>
      <![CDATA[<a href='C:\src\main\java\com\test\automation\VRRLogistics\screenshot\Screenshot-17_04_2019_11_51_06.png'><img src='C:\src\main\java\com\test\automation\VRRLogistics\screenshot\Screenshot-17_04_2019_11_51_06.png' height='100' width='100'/></a>]]>
    </line>
    <line>
      <![CDATA[Test is started:changePassword]]>
    </line>
    <line>
      <![CDATA[=========>Started to click on Change Password option]]>
    </line>
    <line>
      <![CDATA[Entered login id====>>vrradmin and object is[[InternetExplorerDriver: internet explorer on WINDOWS (065f4063-9d47-4bec-a66c-a585ac16f7e8)] -> xpath: //*[@id="username"]]]]>
    </line>
    <line>
      <![CDATA[Entered password====>>vrr123 and object is[[InternetExplorerDriver: internet explorer on WINDOWS (065f4063-9d47-4bec-a66c-a585ac16f7e8)] -> xpath: //*[@id="password"]]]]>
    </line>
    <line>
      <![CDATA[Clicked on submit button isProxy element for: DefaultElementLocator 'By.xpath: /html/body/div[2]/form[1]/div[6]/button']]>
    </line>
    <line>
      <![CDATA[Performing mouse over on user profile dropdown]]>
    </line>
    <line>
      <![CDATA[Clicking on Change password from user profile dropdown]]>
    </line>
    <line>
      <![CDATA[=========>Clicked on Change password option]]>
    </line>
    <line>
      <![CDATA[Entered Current Password is====>>[[InternetExplorerDriver: internet explorer on WINDOWS (065f4063-9d47-4bec-a66c-a585ac16f7e8)] -> xpath: //div[@class='input-group']/input[@id='currentpassword']]]]>
    </line>
    <line>
      <![CDATA[Entered New Password is====>>[[InternetExplorerDriver: internet explorer on WINDOWS (065f4063-9d47-4bec-a66c-a585ac16f7e8)] -> xpath: //div[@class='input-group']/input[@id='newpassword']]]]>
    </line>
    <line>
      <![CDATA[Entered Confirm Password is====>>[[InternetExplorerDriver: internet explorer on WINDOWS (065f4063-9d47-4bec-a66c-a585ac16f7e8)] -> xpath: //div[@class='input-group']/input[@id='confirmpassword']]]]>
    </line>
    <line>
      <![CDATA[<a href='C:\Users\nagarjuna\eclipse-workspace\VRRLogistics\src\main\java\com\test\automation\VRRLogistics\failure_screenshots\changePassword_17_04_2019_11_52_20.png'> <img src='C:\Users\nagarjuna\eclipse-workspace\VRRLogistics\src\main\java\com\test\automation\VRRLogistics\failure_screenshots\changePassword_17_04_2019_11_52_20.png' height='100' width='100'/> </a>]]>
    </line>
    <line>
      <![CDATA[<a href='C:\src\main\java\com\test\automation\VRRLogistics\screenshot\Screenshot-17_04_2019_11_52_20.png'><img src='C:\src\main\java\com\test\automation\VRRLogistics\screenshot\Screenshot-17_04_2019_11_52_20.png' height='100' width='100'/></a>]]>
    </line>
    <line>
      <![CDATA[Test is started:masterOption]]>
    </line>
    <line>
      <![CDATA[=========>Started Master-->Admin Module]]>
    </line>
    <line>
      <![CDATA[Entered login id====>>vrradmin and object is[[InternetExplorerDriver: internet explorer on WINDOWS (99f16e45-ed52-4a9d-b766-3251479c05eb)] -> xpath: //*[@id="username"]]]]>
    </line>
    <line>
      <![CDATA[Entered password====>>vrr123 and object is[[InternetExplorerDriver: internet explorer on WINDOWS (99f16e45-ed52-4a9d-b766-3251479c05eb)] -> xpath: //*[@id="password"]]]]>
    </line>
    <line>
      <![CDATA[Clicked on submit button isProxy element for: DefaultElementLocator 'By.xpath: /html/body/div[2]/form[1]/div[6]/button']]>
    </line>
    <line>
      <![CDATA[Clicked on hamburger icon id====>>[[InternetExplorerDriver: internet explorer on WINDOWS (99f16e45-ed52-4a9d-b766-3251479c05eb)] -> xpath: //ul[@class='page-sidebar-menu']/li/div[@class='sidebar-toggler hidden-phone']] and object is[[InternetExplorerDriver: internet explorer on WINDOWS (99f16e45-ed52-4a9d-b766-3251479c05eb)] -> xpath: //ul[@class='page-sidebar-menu']/li/div[@class='sidebar-toggler hidden-phone']]]]>
    </line>
    <line>
      <![CDATA[Clicked on master id====>>[[InternetExplorerDriver: internet explorer on WINDOWS (99f16e45-ed52-4a9d-b766-3251479c05eb)] -> xpath: //span[text()='Masters']] and object is[[InternetExplorerDriver: internet explorer on WINDOWS (99f16e45-ed52-4a9d-b766-3251479c05eb)] -> xpath: //span[text()='Masters']]]]>
    </line>
    <line>
      <![CDATA[Clicked on admin id====>>[[InternetExplorerDriver: internet explorer on WINDOWS (99f16e45-ed52-4a9d-b766-3251479c05eb)] -> xpath: //*[@id="lnk7"]/a] and object is[[InternetExplorerDriver: internet explorer on WINDOWS (99f16e45-ed52-4a9d-b766-3251479c05eb)] -> xpath: //*[@id="lnk7"]/a]]]>
    </line>
    <line>
      <![CDATA[Clicked on DynamicTripUpload id====>>[[InternetExplorerDriver: internet explorer on WINDOWS (99f16e45-ed52-4a9d-b766-3251479c05eb)] -> xpath: //*[@id="lnk166"]/a] and object is[[InternetExplorerDriver: internet explorer on WINDOWS (99f16e45-ed52-4a9d-b766-3251479c05eb)] -> xpath: //*[@id="lnk166"]/a]]]>
    </line>
    <line>
      <![CDATA[Total Number of columns count in a table: 16]]>
    </line>
    <line>
      <![CDATA[Total Number of rows count in a table: 92]]>
    </line>
    <line>
      <![CDATA[=========>Finished Master-->Admin Module]]>
    </line>
    <line>
      <![CDATA[<a href='C:\Users\nagarjuna\eclipse-workspace\VRRLogistics\src\main\java\com\test\automation\VRRLogistics\failure_screenshots\masterOption_17_04_2019_11_53_57.png'> <img src='C:\Users\nagarjuna\eclipse-workspace\VRRLogistics\src\main\java\com\test\automation\VRRLogistics\failure_screenshots\masterOption_17_04_2019_11_53_57.png' height='100' width='100'/> </a>]]>
    </line>
    <line>
      <![CDATA[<a href='C:\src\main\java\com\test\automation\VRRLogistics\screenshot\Screenshot-17_04_2019_11_53_57.png'><img src='C:\src\main\java\com\test\automation\VRRLogistics\screenshot\Screenshot-17_04_2019_11_53_57.png' height='100' width='100'/></a>]]>
    </line>
    <line>
      <![CDATA[Test is started:userProfile]]>
    </line>
    <line>
      <![CDATA[=========>Started User Profile Dropdown]]>
    </line>
    <line>
      <![CDATA[Entered login id====>>vrradmin and object is[[InternetExplorerDriver: internet explorer on WINDOWS (4ba951be-3767-4180-8926-027e02dd82dd)] -> xpath: //*[@id="username"]]]]>
    </line>
    <line>
      <![CDATA[Entered password====>>vrr123 and object is[[InternetExplorerDriver: internet explorer on WINDOWS (4ba951be-3767-4180-8926-027e02dd82dd)] -> xpath: //*[@id="password"]]]]>
    </line>
    <line>
      <![CDATA[Clicked on submit button isProxy element for: DefaultElementLocator 'By.xpath: /html/body/div[2]/form[1]/div[6]/button']]>
    </line>
    <line>
      <![CDATA[Performing mouse over on user profile dropdown]]>
    </line>
    <line>
      <![CDATA[Verifying dropdown list in user profile]]>
    </line>
    <line>
      <![CDATA[=========>Finished User Profile Dropdown]]>
    </line>
    <line>
      <![CDATA[<a href='C:\Users\nagarjuna\eclipse-workspace\VRRLogistics\src\main\java\com\test\automation\VRRLogistics\failure_screenshots\userProfile_17_04_2019_11_55_14.png'> <img src='C:\Users\nagarjuna\eclipse-workspace\VRRLogistics\src\main\java\com\test\automation\VRRLogistics\failure_screenshots\userProfile_17_04_2019_11_55_14.png' height='100' width='100'/> </a>]]>
    </line>
    <line>
      <![CDATA[<a href='C:\src\main\java\com\test\automation\VRRLogistics\screenshot\Screenshot-17_04_2019_11_55_14.png'><img src='C:\src\main\java\com\test\automation\VRRLogistics\screenshot\Screenshot-17_04_2019_11_55_14.png' height='100' width='100'/></a>]]>
    </line>
    <line>
      <![CDATA[Test is started:verifyLogo]]>
    </line>
    <line>
      <![CDATA[=========>Started Verifying logo]]>
    </line>
    <line>
      <![CDATA[Entered login id====>>vrradmin and object is[[InternetExplorerDriver: internet explorer on WINDOWS (69182c18-4c0d-47bf-892f-9a3ad618d00a)] -> xpath: //*[@id="username"]]]]>
    </line>
    <line>
      <![CDATA[Entered password====>>vrr123 and object is[[InternetExplorerDriver: internet explorer on WINDOWS (69182c18-4c0d-47bf-892f-9a3ad618d00a)] -> xpath: //*[@id="password"]]]]>
    </line>
    <line>
      <![CDATA[Clicked on submit button isProxy element for: DefaultElementLocator 'By.xpath: /html/body/div[2]/form[1]/div[6]/button']]>
    </line>
    <line>
      <![CDATA[Checking logo is present or not]]>
    </line>
    <line>
      <![CDATA[=========>Finished Verifying logo]]>
    </line>
    <line>
      <![CDATA[<a href='C:\Users\nagarjuna\eclipse-workspace\VRRLogistics\src\main\java\com\test\automation\VRRLogistics\failure_screenshots\verifyLogo_17_04_2019_11_56_29.png'> <img src='C:\Users\nagarjuna\eclipse-workspace\VRRLogistics\src\main\java\com\test\automation\VRRLogistics\failure_screenshots\verifyLogo_17_04_2019_11_56_29.png' height='100' width='100'/> </a>]]>
    </line>
    <line>
      <![CDATA[<a href='C:\src\main\java\com\test\automation\VRRLogistics\screenshot\Screenshot-17_04_2019_11_56_29.png'><img src='C:\src\main\java\com\test\automation\VRRLogistics\screenshot\Screenshot-17_04_2019_11_56_29.png' height='100' width='100'/></a>]]>
    </line>
  </reporter-output>
  <suite name="Regression suite 1" duration-ms="1629669" started-at="2019-04-17T05:59:20Z" finished-at="2019-04-17T06:26:30Z">
    <groups>
    </groups>
    <test name="Test" duration-ms="674901" started-at="2019-04-17T05:59:20Z" finished-at="2019-04-17T06:10:35Z">
      <class name="com.test.automation.VRRLogistics.dashboard.TC003_UserProfile">
        <test-method status="PASS" signature="setUp(java.lang.String)[pri:0, instance:com.test.automation.VRRLogistics.dashboard.TC003_UserProfile@491cc5c9]" name="setUp" is-config="true" duration-ms="26480" started-at="2019-04-17T06:07:26Z" finished-at="2019-04-17T06:07:53Z">
          <params>
            <param index="0">
              <value>
                <![CDATA[chrome]]>
              </value>
            </param>
          </params>
          <reporter-output>
          </reporter-output>
        </test-method> <!-- setUp -->
        <test-method status="PASS" signature="beforeMethod(java.lang.reflect.Method)[pri:0, instance:com.test.automation.VRRLogistics.dashboard.TC003_UserProfile@491cc5c9]" name="beforeMethod" is-config="true" duration-ms="0" started-at="2019-04-17T06:07:53Z" finished-at="2019-04-17T06:07:53Z">
          <params>
            <param index="0">
              <value>
                <![CDATA[public void com.test.automation.VRRLogistics.dashboard.TC003_UserProfile.userProfile(java.lang.String,java.lang.String,java.lang.String) throws java.lang.Exception]]>
              </value>
            </param>
          </params>
          <reporter-output>
          </reporter-output>
        </test-method> <!-- beforeMethod -->
        <test-method status="PASS" signature="userProfile(java.lang.String, java.lang.String, java.lang.String)[pri:0, instance:com.test.automation.VRRLogistics.dashboard.TC003_UserProfile@491cc5c9]" name="userProfile" duration-ms="66150" started-at="2019-04-17T06:07:53Z" data-provider="getDataFromExcel" finished-at="2019-04-17T06:08:59Z">
          <params>
            <param index="0">
              <value>
                <![CDATA[vrradmin]]>
              </value>
            </param>
            <param index="1">
              <value>
                <![CDATA[vrr123]]>
              </value>
            </param>
            <param index="2">
              <value>
                <![CDATA[y]]>
              </value>
            </param>
          </params>
          <reporter-output>
            <line>
              <![CDATA[Test is started:userProfile]]>
            </line>
            <line>
              <![CDATA[=========>Started User Profile Dropdown]]>
            </line>
            <line>
              <![CDATA[Entered login id====>>vrradmin and object is[[ChromeDriver: chrome on XP (1c788a6bfd04b7c1ee9445b5280c7ffc)] -> xpath: //*[@id="username"]]]]>
            </line>
            <line>
              <![CDATA[Entered password====>>vrr123 and object is[[ChromeDriver: chrome on XP (1c788a6bfd04b7c1ee9445b5280c7ffc)] -> xpath: //*[@id="password"]]]]>
            </line>
            <line>
              <![CDATA[Clicked on submit button isProxy element for: DefaultElementLocator 'By.xpath: /html/body/div[2]/form[1]/div[6]/button']]>
            </line>
            <line>
              <![CDATA[Performing mouse over on user profile dropdown]]>
            </line>
            <line>
              <![CDATA[Verifying dropdown list in user profile]]>
            </line>
            <line>
              <![CDATA[=========>Finished User Profile Dropdown]]>
            </line>
            <line>
              <![CDATA[<a href='C:\Users\nagarjuna\eclipse-workspace\VRRLogistics\src\main\java\com\test\automation\VRRLogistics\failure_screenshots\userProfile_17_04_2019_11_38_59.png'> <img src='C:\Users\nagarjuna\eclipse-workspace\VRRLogistics\src\main\java\com\test\automation\VRRLogistics\failure_screenshots\userProfile_17_04_2019_11_38_59.png' height='100' width='100'/> </a>]]>
            </line>
          </reporter-output>
        </test-method> <!-- userProfile -->
        <test-method status="PASS" signature="afterMethod(org.testng.ITestResult)[pri:0, instance:com.test.automation.VRRLogistics.dashboard.TC003_UserProfile@491cc5c9]" name="afterMethod" is-config="true" duration-ms="354" started-at="2019-04-17T06:08:59Z" finished-at="2019-04-17T06:09:00Z">
          <params>
            <param index="0">
              <value>
                <![CDATA[[TestResult name=userProfile status=SUCCESS method=TC003_UserProfile.userProfile(java.lang.String, java.lang.String, java.lang.String)[pri:0, instance:com.test.automation.VRRLogistics.dashboard.TC003_UserProfile@491cc5c9] output=Test is started:userProfile]]]>
              </value>
            </param>
          </params>
          <reporter-output>
            <line>
              <![CDATA[<a href='C:\src\main\java\com\test\automation\VRRLogistics\screenshot\Screenshot-17_04_2019_11_38_59.png'><img src='C:\src\main\java\com\test\automation\VRRLogistics\screenshot\Screenshot-17_04_2019_11_38_59.png' height='100' width='100'/></a>]]>
            </line>
          </reporter-output>
        </test-method> <!-- afterMethod -->
        <test-method status="PASS" signature="endTest()[pri:0, instance:com.test.automation.VRRLogistics.dashboard.TC003_UserProfile@491cc5c9]" name="endTest" is-config="true" duration-ms="948" started-at="2019-04-17T06:09:00Z" finished-at="2019-04-17T06:09:01Z">
          <reporter-output>
          </reporter-output>
        </test-method> <!-- endTest -->
      </class> <!-- com.test.automation.VRRLogistics.dashboard.TC003_UserProfile -->
      <class name="com.test.automation.VRRLogistics.loginpage.TC001_Verifylogin">
        <test-method status="PASS" signature="setUp(java.lang.String)[pri:0, instance:com.test.automation.VRRLogistics.loginpage.TC001_Verifylogin@11758f2a]" name="setUp" is-config="true" duration-ms="26030" started-at="2019-04-17T05:59:20Z" finished-at="2019-04-17T05:59:46Z">
          <params>
            <param index="0">
              <value>
                <![CDATA[chrome]]>
              </value>
            </param>
          </params>
          <reporter-output>
          </reporter-output>
        </test-method> <!-- setUp -->
        <test-method status="PASS" signature="beforeMethod(java.lang.reflect.Method)[pri:0, instance:com.test.automation.VRRLogistics.loginpage.TC001_Verifylogin@11758f2a]" name="beforeMethod" is-config="true" duration-ms="0" started-at="2019-04-17T05:59:47Z" finished-at="2019-04-17T05:59:47Z">
          <params>
            <param index="0">
              <value>
                <![CDATA[public void com.test.automation.VRRLogistics.loginpage.TC001_Verifylogin.verifyLogin(java.lang.String,java.lang.String,java.lang.String) throws java.lang.Exception]]>
              </value>
            </param>
          </params>
          <reporter-output>
          </reporter-output>
        </test-method> <!-- beforeMethod -->
        <test-method status="PASS" signature="verifyLogin(java.lang.String, java.lang.String, java.lang.String)[pri:0, instance:com.test.automation.VRRLogistics.loginpage.TC001_Verifylogin@11758f2a]" name="verifyLogin" duration-ms="531" started-at="2019-04-17T05:59:47Z" data-provider="getDataFromExcel" finished-at="2019-04-17T05:59:47Z">
          <params>
            <param index="0">
              <value>
                <![CDATA[Demo]]>
              </value>
            </param>
            <param index="1">
              <value>
                <![CDATA[]]>
              </value>
            </param>
            <param index="2">
              <value>
                <![CDATA[y]]>
              </value>
            </param>
          </params>
          <reporter-output>
            <line>
              <![CDATA[Test is started:verifyLogin]]>
            </line>
            <line>
              <![CDATA[=========>Started verify login]]>
            </line>
            <line>
              <![CDATA[Entered login id====>>Demo and object is[[ChromeDriver: chrome on XP (718493c48771731ca9fccaa72467fce0)] -> xpath: //*[@id="username"]]]]>
            </line>
            <line>
              <![CDATA[Entered password====>> and object is[[ChromeDriver: chrome on XP (718493c48771731ca9fccaa72467fce0)] -> xpath: //*[@id="password"]]]]>
            </line>
            <line>
              <![CDATA[Clicked on submit button is[[ChromeDriver: chrome on XP (718493c48771731ca9fccaa72467fce0)] -> xpath: /html/body/div[2]/form[1]/div[6]/button]]]>
            </line>
            <line>
              <![CDATA[=========>Finished verify login]]>
            </line>
            <line>
              <![CDATA[<a href='C:\Users\nagarjuna\eclipse-workspace\VRRLogistics\src\main\java\com\test\automation\VRRLogistics\failure_screenshots\verifyLogin_17_04_2019_11_29_47.png'> <img src='C:\Users\nagarjuna\eclipse-workspace\VRRLogistics\src\main\java\com\test\automation\VRRLogistics\failure_screenshots\verifyLogin_17_04_2019_11_29_47.png' height='100' width='100'/> </a>]]>
            </line>
          </reporter-output>
        </test-method> <!-- verifyLogin -->
        <test-method status="PASS" signature="afterMethod(org.testng.ITestResult)[pri:0, instance:com.test.automation.VRRLogistics.loginpage.TC001_Verifylogin@11758f2a]" name="afterMethod" is-config="true" duration-ms="345" started-at="2019-04-17T05:59:48Z" finished-at="2019-04-17T05:59:48Z">
          <params>
            <param index="0">
              <value>
                <![CDATA[[TestResult name=verifyLogin status=SUCCESS method=TC001_Verifylogin.verifyLogin(java.lang.String, java.lang.String, java.lang.String)[pri:0, instance:com.test.automation.VRRLogistics.loginpage.TC001_Verifylogin@11758f2a] output=Test is started:verifyLogin]]]>
              </value>
            </param>
          </params>
          <reporter-output>
            <line>
              <![CDATA[<a href='C:\src\main\java\com\test\automation\VRRLogistics\screenshot\Screenshot-17_04_2019_11_29_48.png'><img src='C:\src\main\java\com\test\automation\VRRLogistics\screenshot\Screenshot-17_04_2019_11_29_48.png' height='100' width='100'/></a>]]>
            </line>
          </reporter-output>
        </test-method> <!-- afterMethod -->
        <test-method status="PASS" signature="beforeMethod(java.lang.reflect.Method)[pri:0, instance:com.test.automation.VRRLogistics.loginpage.TC001_Verifylogin@11758f2a]" name="beforeMethod" is-config="true" duration-ms="0" started-at="2019-04-17T05:59:48Z" finished-at="2019-04-17T05:59:48Z">
          <params>
            <param index="0">
              <value>
                <![CDATA[public void com.test.automation.VRRLogistics.loginpage.TC001_Verifylogin.verifyLogin(java.lang.String,java.lang.String,java.lang.String) throws java.lang.Exception]]>
              </value>
            </param>
          </params>
          <reporter-output>
          </reporter-output>
        </test-method> <!-- beforeMethod -->
        <test-method status="PASS" signature="verifyLogin(java.lang.String, java.lang.String, java.lang.String)[pri:0, instance:com.test.automation.VRRLogistics.loginpage.TC001_Verifylogin@11758f2a]" name="verifyLogin" duration-ms="467" started-at="2019-04-17T05:59:48Z" data-provider="getDataFromExcel" finished-at="2019-04-17T05:59:49Z">
          <params>
            <param index="0">
              <value>
                <![CDATA[]]>
              </value>
            </param>
            <param index="1">
              <value>
                <![CDATA[]]>
              </value>
            </param>
            <param index="2">
              <value>
                <![CDATA[y]]>
              </value>
            </param>
          </params>
          <reporter-output>
            <line>
              <![CDATA[Test is started:verifyLogin]]>
            </line>
            <line>
              <![CDATA[=========>Started verify login]]>
            </line>
            <line>
              <![CDATA[Entered login id====>> and object is[[ChromeDriver: chrome on XP (718493c48771731ca9fccaa72467fce0)] -> xpath: //*[@id="username"]]]]>
            </line>
            <line>
              <![CDATA[Entered password====>> and object is[[ChromeDriver: chrome on XP (718493c48771731ca9fccaa72467fce0)] -> xpath: //*[@id="password"]]]]>
            </line>
            <line>
              <![CDATA[Clicked on submit button is[[ChromeDriver: chrome on XP (718493c48771731ca9fccaa72467fce0)] -> xpath: /html/body/div[2]/form[1]/div[6]/button]]]>
            </line>
            <line>
              <![CDATA[=========>Finished verify login]]>
            </line>
            <line>
              <![CDATA[<a href='C:\Users\nagarjuna\eclipse-workspace\VRRLogistics\src\main\java\com\test\automation\VRRLogistics\failure_screenshots\verifyLogin_17_04_2019_11_29_49.png'> <img src='C:\Users\nagarjuna\eclipse-workspace\VRRLogistics\src\main\java\com\test\automation\VRRLogistics\failure_screenshots\verifyLogin_17_04_2019_11_29_49.png' height='100' width='100'/> </a>]]>
            </line>
          </reporter-output>
        </test-method> <!-- verifyLogin -->
        <test-method status="PASS" signature="afterMethod(org.testng.ITestResult)[pri:0, instance:com.test.automation.VRRLogistics.loginpage.TC001_Verifylogin@11758f2a]" name="afterMethod" is-config="true" duration-ms="328" started-at="2019-04-17T05:59:49Z" finished-at="2019-04-17T05:59:49Z">
          <params>
            <param index="0">
              <value>
                <![CDATA[[TestResult name=verifyLogin status=SUCCESS method=TC001_Verifylogin.verifyLogin(java.lang.String, java.lang.String, java.lang.String)[pri:0, instance:com.test.automation.VRRLogistics.loginpage.TC001_Verifylogin@11758f2a] output=Test is started:verifyLogin]]]>
              </value>
            </param>
          </params>
          <reporter-output>
            <line>
              <![CDATA[<a href='C:\src\main\java\com\test\automation\VRRLogistics\screenshot\Screenshot-17_04_2019_11_29_49.png'><img src='C:\src\main\java\com\test\automation\VRRLogistics\screenshot\Screenshot-17_04_2019_11_29_49.png' height='100' width='100'/></a>]]>
            </line>
          </reporter-output>
        </test-method> <!-- afterMethod -->
        <test-method status="PASS" signature="beforeMethod(java.lang.reflect.Method)[pri:0, instance:com.test.automation.VRRLogistics.loginpage.TC001_Verifylogin@11758f2a]" name="beforeMethod" is-config="true" duration-ms="0" started-at="2019-04-17T05:59:49Z" finished-at="2019-04-17T05:59:49Z">
          <params>
            <param index="0">
              <value>
                <![CDATA[public void com.test.automation.VRRLogistics.loginpage.TC001_Verifylogin.verifyLogin(java.lang.String,java.lang.String,java.lang.String) throws java.lang.Exception]]>
              </value>
            </param>
          </params>
          <reporter-output>
          </reporter-output>
        </test-method> <!-- beforeMethod -->
        <test-method status="PASS" signature="verifyLogin(java.lang.String, java.lang.String, java.lang.String)[pri:0, instance:com.test.automation.VRRLogistics.loginpage.TC001_Verifylogin@11758f2a]" name="verifyLogin" duration-ms="495" started-at="2019-04-17T05:59:49Z" data-provider="getDataFromExcel" finished-at="2019-04-17T05:59:50Z">
          <params>
            <param index="0">
              <value>
                <![CDATA[]]>
              </value>
            </param>
            <param index="1">
              <value>
                <![CDATA[Info@123]]>
              </value>
            </param>
            <param index="2">
              <value>
                <![CDATA[y]]>
              </value>
            </param>
          </params>
          <reporter-output>
            <line>
              <![CDATA[Test is started:verifyLogin]]>
            </line>
            <line>
              <![CDATA[=========>Started verify login]]>
            </line>
            <line>
              <![CDATA[Entered login id====>> and object is[[ChromeDriver: chrome on XP (718493c48771731ca9fccaa72467fce0)] -> xpath: //*[@id="username"]]]]>
            </line>
            <line>
              <![CDATA[Entered password====>>Info@123 and object is[[ChromeDriver: chrome on XP (718493c48771731ca9fccaa72467fce0)] -> xpath: //*[@id="password"]]]]>
            </line>
            <line>
              <![CDATA[Clicked on submit button is[[ChromeDriver: chrome on XP (718493c48771731ca9fccaa72467fce0)] -> xpath: /html/body/div[2]/form[1]/div[6]/button]]]>
            </line>
            <line>
              <![CDATA[=========>Finished verify login]]>
            </line>
            <line>
              <![CDATA[<a href='C:\Users\nagarjuna\eclipse-workspace\VRRLogistics\src\main\java\com\test\automation\VRRLogistics\failure_screenshots\verifyLogin_17_04_2019_11_29_50.png'> <img src='C:\Users\nagarjuna\eclipse-workspace\VRRLogistics\src\main\java\com\test\automation\VRRLogistics\failure_screenshots\verifyLogin_17_04_2019_11_29_50.png' height='100' width='100'/> </a>]]>
            </line>
          </reporter-output>
        </test-method> <!-- verifyLogin -->
        <test-method status="PASS" signature="afterMethod(org.testng.ITestResult)[pri:0, instance:com.test.automation.VRRLogistics.loginpage.TC001_Verifylogin@11758f2a]" name="afterMethod" is-config="true" duration-ms="448" started-at="2019-04-17T05:59:50Z" finished-at="2019-04-17T05:59:51Z">
          <params>
            <param index="0">
              <value>
                <![CDATA[[TestResult name=verifyLogin status=SUCCESS method=TC001_Verifylogin.verifyLogin(java.lang.String, java.lang.String, java.lang.String)[pri:0, instance:com.test.automation.VRRLogistics.loginpage.TC001_Verifylogin@11758f2a] output=Test is started:verifyLogin]]]>
              </value>
            </param>
          </params>
          <reporter-output>
            <line>
              <![CDATA[<a href='C:\src\main\java\com\test\automation\VRRLogistics\screenshot\Screenshot-17_04_2019_11_29_50.png'><img src='C:\src\main\java\com\test\automation\VRRLogistics\screenshot\Screenshot-17_04_2019_11_29_50.png' height='100' width='100'/></a>]]>
            </line>
          </reporter-output>
        </test-method> <!-- afterMethod -->
        <test-method status="PASS" signature="verifyLogin(java.lang.String, java.lang.String, java.lang.String)[pri:0, instance:com.test.automation.VRRLogistics.loginpage.TC001_Verifylogin@11758f2a]" name="verifyLogin" duration-ms="21539" started-at="2019-04-17T05:59:51Z" data-provider="getDataFromExcel" finished-at="2019-04-17T06:00:12Z">
          <params>
            <param index="0">
              <value>
                <![CDATA[helloo]]>
              </value>
            </param>
            <param index="1">
              <value>
                <![CDATA[ift]]>
              </value>
            </param>
            <param index="2">
              <value>
                <![CDATA[y]]>
              </value>
            </param>
          </params>
          <reporter-output>
            <line>
              <![CDATA[Test is started:verifyLogin]]>
            </line>
            <line>
              <![CDATA[=========>Started verify login]]>
            </line>
            <line>
              <![CDATA[Entered login id====>>helloo and object is[[ChromeDriver: chrome on XP (718493c48771731ca9fccaa72467fce0)] -> xpath: //*[@id="username"]]]]>
            </line>
            <line>
              <![CDATA[Entered password====>>ift and object is[[ChromeDriver: chrome on XP (718493c48771731ca9fccaa72467fce0)] -> xpath: //*[@id="password"]]]]>
            </line>
            <line>
              <![CDATA[Clicked on submit button is[[ChromeDriver: chrome on XP (718493c48771731ca9fccaa72467fce0)] -> xpath: /html/body/div[2]/form[1]/div[6]/button]]]>
            </line>
            <line>
              <![CDATA[=========>Finished verify login]]>
            </line>
            <line>
              <![CDATA[<a href='C:\Users\nagarjuna\eclipse-workspace\VRRLogistics\src\main\java\com\test\automation\VRRLogistics\failure_screenshots\verifyLogin_17_04_2019_11_30_12.png'> <img src='C:\Users\nagarjuna\eclipse-workspace\VRRLogistics\src\main\java\com\test\automation\VRRLogistics\failure_screenshots\verifyLogin_17_04_2019_11_30_12.png' height='100' width='100'/> </a>]]>
            </line>
          </reporter-output>
        </test-method> <!-- verifyLogin -->
        <test-method status="PASS" signature="beforeMethod(java.lang.reflect.Method)[pri:0, instance:com.test.automation.VRRLogistics.loginpage.TC001_Verifylogin@11758f2a]" name="beforeMethod" is-config="true" duration-ms="0" started-at="2019-04-17T05:59:51Z" finished-at="2019-04-17T05:59:51Z">
          <params>
            <param index="0">
              <value>
                <![CDATA[public void com.test.automation.VRRLogistics.loginpage.TC001_Verifylogin.verifyLogin(java.lang.String,java.lang.String,java.lang.String) throws java.lang.Exception]]>
              </value>
            </param>
          </params>
          <reporter-output>
          </reporter-output>
        </test-method> <!-- beforeMethod -->
        <test-method status="PASS" signature="afterMethod(org.testng.ITestResult)[pri:0, instance:com.test.automation.VRRLogistics.loginpage.TC001_Verifylogin@11758f2a]" name="afterMethod" is-config="true" duration-ms="334" started-at="2019-04-17T06:00:12Z" finished-at="2019-04-17T06:00:13Z">
          <params>
            <param index="0">
              <value>
[...]
              </value>
            </param>
          </params>
          <reporter-output>
            <line>
              <![CDATA[<a href='C:\src\main\java\com\test\automation\VRRLogistics\screenshot\Screenshot-17_04_2019_11_51_06.png'><img src='C:\src\main\java\com\test\automation\VRRLogistics\screenshot\Screenshot-17_04_2019_11_51_06.png' height='100' width='100'/></a>]]>
            </line>
          </reporter-output>
        </test-method> <!-- afterMethod -->
        <test-method status="PASS" signature="endTest()[pri:0, instance:com.test.automation.VRRLogistics.loginpage.TC001_Verifylogin@18bf3d14]" name="endTest" is-config="true" duration-ms="588" started-at="2019-04-17T06:21:06Z" finished-at="2019-04-17T06:21:06Z">
          <reporter-output>
          </reporter-output>
        </test-method> <!-- endTest -->
      </class> <!-- com.test.automation.VRRLogistics.loginpage.TC001_Verifylogin -->
      <class name="com.test.automation.VRRLogistics.loginpage.TC005_ChangePassword">
        <test-method status="PASS" signature="setUp(java.lang.String)[pri:0, instance:com.test.automation.VRRLogistics.loginpage.TC005_ChangePassword@4fb64261]" name="setUp" is-config="true" duration-ms="1979" started-at="2019-04-17T06:21:06Z" finished-at="2019-04-17T06:21:08Z">
          <params>
            <param index="0">
              <value>
                <![CDATA[IE]]>
              </value>
            </param>
          </params>
          <reporter-output>
          </reporter-output>
        </test-method> <!-- setUp -->
        <test-method status="PASS" signature="beforeMethod(java.lang.reflect.Method)[pri:0, instance:com.test.automation.VRRLogistics.loginpage.TC005_ChangePassword@4fb64261]" name="beforeMethod" is-config="true" duration-ms="0" started-at="2019-04-17T06:21:08Z" finished-at="2019-04-17T06:21:08Z">
          <params>
            <param index="0">
              <value>
                <![CDATA[public void com.test.automation.VRRLogistics.loginpage.TC005_ChangePassword.changePassword(java.lang.String,java.lang.String,java.lang.String) throws java.lang.Exception]]>
              </value>
            </param>
          </params>
          <reporter-output>
          </reporter-output>
        </test-method> <!-- beforeMethod -->
        <test-method status="PASS" signature="changePassword(java.lang.String, java.lang.String, java.lang.String)[pri:0, instance:com.test.automation.VRRLogistics.loginpage.TC005_ChangePassword@4fb64261]" name="changePassword" duration-ms="71777" started-at="2019-04-17T06:21:08Z" data-provider="getDataFromExcel" finished-at="2019-04-17T06:22:20Z">
          <params>
            <param index="0">
              <value>
                <![CDATA[vrradmin]]>
              </value>
            </param>
            <param index="1">
              <value>
                <![CDATA[vrr123]]>
              </value>
            </param>
            <param index="2">
              <value>
                <![CDATA[y]]>
              </value>
            </param>
          </params>
          <reporter-output>
            <line>
              <![CDATA[Test is started:changePassword]]>
            </line>
            <line>
              <![CDATA[=========>Started to click on Change Password option]]>
            </line>
            <line>
              <![CDATA[Entered login id====>>vrradmin and object is[[InternetExplorerDriver: internet explorer on WINDOWS (065f4063-9d47-4bec-a66c-a585ac16f7e8)] -> xpath: //*[@id="username"]]]]>
            </line>
            <line>
              <![CDATA[Entered password====>>vrr123 and object is[[InternetExplorerDriver: internet explorer on WINDOWS (065f4063-9d47-4bec-a66c-a585ac16f7e8)] -> xpath: //*[@id="password"]]]]>
            </line>
            <line>
              <![CDATA[Clicked on submit button isProxy element for: DefaultElementLocator 'By.xpath: /html/body/div[2]/form[1]/div[6]/button']]>
            </line>
            <line>
              <![CDATA[Performing mouse over on user profile dropdown]]>
            </line>
            <line>
              <![CDATA[Clicking on Change password from user profile dropdown]]>
            </line>
            <line>
              <![CDATA[=========>Clicked on Change password option]]>
            </line>
            <line>
              <![CDATA[Entered Current Password is====>>[[InternetExplorerDriver: internet explorer on WINDOWS (065f4063-9d47-4bec-a66c-a585ac16f7e8)] -> xpath: //div[@class='input-group']/input[@id='currentpassword']]]]>
            </line>
            <line>
              <![CDATA[Entered New Password is====>>[[InternetExplorerDriver: internet explorer on WINDOWS (065f4063-9d47-4bec-a66c-a585ac16f7e8)] -> xpath: //div[@class='input-group']/input[@id='newpassword']]]]>
            </line>
            <line>
              <![CDATA[Entered Confirm Password is====>>[[InternetExplorerDriver: internet explorer on WINDOWS (065f4063-9d47-4bec-a66c-a585ac16f7e8)] -> xpath: //div[@class='input-group']/input[@id='confirmpassword']]]]>
            </line>
            <line>
              <![CDATA[<a href='C:\Users\nagarjuna\eclipse-workspace\VRRLogistics\src\main\java\com\test\automation\VRRLogistics\failure_screenshots\changePassword_17_04_2019_11_52_20.png'> <img src='C:\Users\nagarjuna\eclipse-workspace\VRRLogistics\src\main\java\com\test\automation\VRRLogistics\failure_screenshots\changePassword_17_04_2019_11_52_20.png' height='100' width='100'/> </a>]]>
            </line>
          </reporter-output>
        </test-method> <!-- changePassword -->
        <test-method status="PASS" signature="afterMethod(org.testng.ITestResult)[pri:0, instance:com.test.automation.VRRLogistics.loginpage.TC005_ChangePassword@4fb64261]" name="afterMethod" is-config="true" duration-ms="62" started-at="2019-04-17T06:22:20Z" finished-at="2019-04-17T06:22:20Z">
          <params>
            <param index="0">
              <value>
                <![CDATA[[TestResult name=changePassword status=SUCCESS method=TC005_ChangePassword.changePassword(java.lang.String, java.lang.String, java.lang.String)[pri:0, instance:com.test.automation.VRRLogistics.loginpage.TC005_ChangePassword@4fb64261] output=Test is started:changePassword]]]>
              </value>
            </param>
          </params>
          <reporter-output>
            <line>
              <![CDATA[<a href='C:\src\main\java\com\test\automation\VRRLogistics\screenshot\Screenshot-17_04_2019_11_52_20.png'><img src='C:\src\main\java\com\test\automation\VRRLogistics\screenshot\Screenshot-17_04_2019_11_52_20.png' height='100' width='100'/></a>]]>
            </line>
          </reporter-output>
        </test-method> <!-- afterMethod -->
        <test-method status="PASS" signature="endTest()[pri:0, instance:com.test.automation.VRRLogistics.loginpage.TC005_ChangePassword@4fb64261]" name="endTest" is-config="true" duration-ms="613" started-at="2019-04-17T06:22:20Z" finished-at="2019-04-17T06:22:21Z">
          <reporter-output>
          </reporter-output>
        </test-method> <!-- endTest -->
      </class> <!-- com.test.automation.VRRLogistics.loginpage.TC005_ChangePassword -->
      <class name="com.test.automation.VRRLogistics.dashboard.TC004_VerifyingLogo">
        <test-method status="PASS" signature="setUp(java.lang.String)[pri:0, instance:com.test.automation.VRRLogistics.dashboard.TC004_VerifyingLogo@1990a65e]" name="setUp" is-config="true" duration-ms="9004" started-at="2019-04-17T06:25:15Z" finished-at="2019-04-17T06:25:24Z">
          <params>
            <param index="0">
              <value>
                <![CDATA[IE]]>
              </value>
            </param>
          </params>
          <reporter-output>
          </reporter-output>
        </test-method> <!-- setUp -->
        <test-method status="PASS" signature="verifyLogo(java.lang.String, java.lang.String, java.lang.String)[pri:0, instance:com.test.automation.VRRLogistics.dashboard.TC004_VerifyingLogo@1990a65e]" name="verifyLogo" duration-ms="65472" started-at="2019-04-17T06:25:24Z" data-provider="getDataFromExcel" finished-at="2019-04-17T06:26:29Z">
          <params>
            <param index="0">
              <value>
                <![CDATA[vrradmin]]>
              </value>
            </param>
            <param index="1">
              <value>
                <![CDATA[vrr123]]>
              </value>
            </param>
            <param index="2">
              <value>
                <![CDATA[y]]>
              </value>
            </param>
          </params>
          <reporter-output>
            <line>
              <![CDATA[Test is started:verifyLogo]]>
            </line>
            <line>
              <![CDATA[=========>Started Verifying logo]]>
            </line>
            <line>
              <![CDATA[Entered login id====>>vrradmin and object is[[InternetExplorerDriver: internet explorer on WINDOWS (69182c18-4c0d-47bf-892f-9a3ad618d00a)] -> xpath: //*[@id="username"]]]]>
            </line>
            <line>
              <![CDATA[Entered password====>>vrr123 and object is[[InternetExplorerDriver: internet explorer on WINDOWS (69182c18-4c0d-47bf-892f-9a3ad618d00a)] -> xpath: //*[@id="password"]]]]>
            </line>
            <line>
              <![CDATA[Clicked on submit button isProxy element for: DefaultElementLocator 'By.xpath: /html/body/div[2]/form[1]/div[6]/button']]>
            </line>
            <line>
              <![CDATA[Checking logo is present or not]]>
            </line>
            <line>
              <![CDATA[=========>Finished Verifying logo]]>
            </line>
            <line>
              <![CDATA[<a href='C:\Users\nagarjuna\eclipse-workspace\VRRLogistics\src\main\java\com\test\automation\VRRLogistics\failure_screenshots\verifyLogo_17_04_2019_11_56_29.png'> <img src='C:\Users\nagarjuna\eclipse-workspace\VRRLogistics\src\main\java\com\test\automation\VRRLogistics\failure_screenshots\verifyLogo_17_04_2019_11_56_29.png' height='100' width='100'/> </a>]]>
            </line>
          </reporter-output>
        </test-method> <!-- verifyLogo -->
        <test-method status="PASS" signature="beforeMethod(java.lang.reflect.Method)[pri:0, instance:com.test.automation.VRRLogistics.dashboard.TC004_VerifyingLogo@1990a65e]" name="beforeMethod" is-config="true" duration-ms="0" started-at="2019-04-17T06:25:24Z" finished-at="2019-04-17T06:25:24Z">
          <params>
            <param index="0">
              <value>
                <![CDATA[public void com.test.automation.VRRLogistics.dashboard.TC004_VerifyingLogo.verifyLogo(java.lang.String,java.lang.String,java.lang.String) throws java.lang.Exception]]>
              </value>
            </param>
          </params>
          <reporter-output>
          </reporter-output>
        </test-method> <!-- beforeMethod -->
        <test-method status="PASS" signature="afterMethod(org.testng.ITestResult)[pri:0, instance:com.test.automation.VRRLogistics.dashboard.TC004_VerifyingLogo@1990a65e]" name="afterMethod" is-config="true" duration-ms="63" started-at="2019-04-17T06:26:29Z" finished-at="2019-04-17T06:26:29Z">
          <params>
            <param index="0">
              <value>
                <![CDATA[[TestResult name=verifyLogo status=SUCCESS method=TC004_VerifyingLogo.verifyLogo(java.lang.String, java.lang.String, java.lang.String)[pri:0, instance:com.test.automation.VRRLogistics.dashboard.TC004_VerifyingLogo@1990a65e] output=Test is started:verifyLogo]]]>
              </value>
            </param>
          </params>
          <reporter-output>
            <line>
              <![CDATA[<a href='C:\src\main\java\com\test\automation\VRRLogistics\screenshot\Screenshot-17_04_2019_11_56_29.png'><img src='C:\src\main\java\com\test\automation\VRRLogistics\screenshot\Screenshot-17_04_2019_11_56_29.png' height='100' width='100'/></a>]]>
            </line>
          </reporter-output>
        </test-method> <!-- afterMethod -->
        <test-method status="PASS" signature="endTest()[pri:0, instance:com.test.automation.VRRLogistics.dashboard.TC004_VerifyingLogo@1990a65e]" name="endTest" is-config="true" duration-ms="578" started-at="2019-04-17T06:26:29Z" finished-at="2019-04-17T06:26:30Z">
          <reporter-output>
          </reporter-output>
        </test-method> <!-- endTest -->
      </class> <!-- com.test.automation.VRRLogistics.dashboard.TC004_VerifyingLogo -->
      <class name="com.test.automation.VRRLogistics.dashboard.TC002_MasterOption">
        <test-method status="PASS" signature="setUp(java.lang.String)[pri:0, instance:com.test.automation.VRRLogistics.dashboard.TC002_MasterOption@42607a4f]" name="setUp" is-config="true" duration-ms="12015" started-at="2019-04-17T06:22:21Z" finished-at="2019-04-17T06:22:33Z">
          <params>
            <param index="0">
              <value>
                <![CDATA[IE]]>
              </value>
            </param>
          </params>
          <reporter-output>
          </reporter-output>
        </test-method> <!-- setUp -->
        <test-method status="PASS" signature="beforeMethod(java.lang.reflect.Method)[pri:0, instance:com.test.automation.VRRLogistics.dashboard.TC002_MasterOption@42607a4f]" name="beforeMethod" is-config="true" duration-ms="0" started-at="2019-04-17T06:22:33Z" finished-at="2019-04-17T06:22:33Z">
          <params>
            <param index="0">
              <value>
                <![CDATA[public void com.test.automation.VRRLogistics.dashboard.TC002_MasterOption.masterOption(java.lang.String,java.lang.String,java.lang.String) throws java.lang.Exception]]>
              </value>
            </param>
          </params>
          <reporter-output>
          </reporter-output>
        </test-method> <!-- beforeMethod -->
        <test-method status="PASS" signature="masterOption(java.lang.String, java.lang.String, java.lang.String)[pri:0, instance:com.test.automation.VRRLogistics.dashboard.TC002_MasterOption@42607a4f]" name="masterOption" duration-ms="84000" started-at="2019-04-17T06:22:33Z" data-provider="getDataFromExcel" finished-at="2019-04-17T06:23:57Z">
          <params>
            <param index="0">
              <value>
                <![CDATA[vrradmin]]>
              </value>
            </param>
            <param index="1">
              <value>
                <![CDATA[vrr123]]>
              </value>
            </param>
            <param index="2">
              <value>
                <![CDATA[y]]>
              </value>
            </param>
          </params>
          <reporter-output>
            <line>
              <![CDATA[Test is started:masterOption]]>
            </line>
            <line>
              <![CDATA[=========>Started Master-->Admin Module]]>
            </line>
            <line>
              <![CDATA[Entered login id====>>vrradmin and object is[[InternetExplorerDriver: internet explorer on WINDOWS (99f16e45-ed52-4a9d-b766-3251479c05eb)] -> xpath: //*[@id="username"]]]]>
            </line>
            <line>
              <![CDATA[Entered password====>>vrr123 and object is[[InternetExplorerDriver: internet explorer on WINDOWS (99f16e45-ed52-4a9d-b766-3251479c05eb)] -> xpath: //*[@id="password"]]]]>
            </line>
            <line>
              <![CDATA[Clicked on submit button isProxy element for: DefaultElementLocator 'By.xpath: /html/body/div[2]/form[1]/div[6]/button']]>
            </line>
            <line>
              <![CDATA[Clicked on hamburger icon id====>>[[InternetExplorerDriver: internet explorer on WINDOWS (99f16e45-ed52-4a9d-b766-3251479c05eb)] -> xpath: //ul[@class='page-sidebar-menu']/li/div[@class='sidebar-toggler hidden-phone']] and object is[[InternetExplorerDriver: internet explorer on WINDOWS (99f16e45-ed52-4a9d-b766-3251479c05eb)] -> xpath: //ul[@class='page-sidebar-menu']/li/div[@class='sidebar-toggler hidden-phone']]]]>
            </line>
            <line>
              <![CDATA[Clicked on master id====>>[[InternetExplorerDriver: internet explorer on WINDOWS (99f16e45-ed52-4a9d-b766-3251479c05eb)] -> xpath: //span[text()='Masters']] and object is[[InternetExplorerDriver: internet explorer on WINDOWS (99f16e45-ed52-4a9d-b766-3251479c05eb)] -> xpath: //span[text()='Masters']]]]>
            </line>
            <line>
              <![CDATA[Clicked on admin id====>>[[InternetExplorerDriver: internet explorer on WINDOWS (99f16e45-ed52-4a9d-b766-3251479c05eb)] -> xpath: //*[@id="lnk7"]/a] and object is[[InternetExplorerDriver: internet explorer on WINDOWS (99f16e45-ed52-4a9d-b766-3251479c05eb)] -> xpath: //*[@id="lnk7"]/a]]]>
            </line>
            <line>
              <![CDATA[Clicked on DynamicTripUpload id====>>[[InternetExplorerDriver: internet explorer on WINDOWS (99f16e45-ed52-4a9d-b766-3251479c05eb)] -> xpath: //*[@id="lnk166"]/a] and object is[[InternetExplorerDriver: internet explorer on WINDOWS (99f16e45-ed52-4a9d-b766-3251479c05eb)] -> xpath: //*[@id="lnk166"]/a]]]>
            </line>
            <line>
              <![CDATA[Total Number of columns count in a table: 16]]>
            </line>
            <line>
              <![CDATA[Total Number of rows count in a table: 92]]>
            </line>
            <line>
              <![CDATA[=========>Finished Master-->Admin Module]]>
            </line>
            <line>
              <![CDATA[<a href='C:\Users\nagarjuna\eclipse-workspace\VRRLogistics\src\main\java\com\test\automation\VRRLogistics\failure_screenshots\masterOption_17_04_2019_11_53_57.png'> <img src='C:\Users\nagarjuna\eclipse-workspace\VRRLogistics\src\main\java\com\test\automation\VRRLogistics\failure_screenshots\masterOption_17_04_2019_11_53_57.png' height='100' width='100'/> </a>]]>
            </line>
          </reporter-output>
        </test-method> <!-- masterOption -->
        <test-method status="PASS" signature="afterMethod(org.testng.ITestResult)[pri:0, instance:com.test.automation.VRRLogistics.dashboard.TC002_MasterOption@42607a4f]" name="afterMethod" is-config="true" duration-ms="62" started-at="2019-04-17T06:23:57Z" finished-at="2019-04-17T06:23:57Z">
          <params>
            <param index="0">
              <value>
                <![CDATA[[TestResult name=masterOption status=SUCCESS method=TC002_MasterOption.masterOption(java.lang.String, java.lang.String, java.lang.String)[pri:0, instance:com.test.automation.VRRLogistics.dashboard.TC002_MasterOption@42607a4f] output=Test is started:masterOption]]]>
              </value>
            </param>
          </params>
          <reporter-output>
            <line>
              <![CDATA[<a href='C:\src\main\java\com\test\automation\VRRLogistics\screenshot\Screenshot-17_04_2019_11_53_57.png'><img src='C:\src\main\java\com\test\automation\VRRLogistics\screenshot\Screenshot-17_04_2019_11_53_57.png' height='100' width='100'/></a>]]>
            </line>
          </reporter-output>
        </test-method> <!-- afterMethod -->
        <test-method status="PASS" signature="endTest()[pri:0, instance:com.test.automation.VRRLogistics.dashboard.TC002_MasterOption@42607a4f]" name="endTest" is-config="true" duration-ms="594" started-at="2019-04-17T06:23:57Z" finished-at="2019-04-17T06:23:58Z">
          <reporter-output>
          </reporter-output>
        </test-method> <!-- endTest -->
      </class> <!-- com.test.automation.VRRLogistics.dashboard.TC002_MasterOption -->
    </test> <!-- Test2 -->
  </suite> <!-- Regression suite 1 -->
</testng-results>
