<?xml version="1.0" encoding="UTF-8"?>
<testng-results skipped="0" failed="0" ignored="0" total="1" passed="1">
  <reporter-output>
    <line>
      <![CDATA[=========>Started to click on Change Password option]]>
    </line>
    <line>
      <![CDATA[Entered login id====>>vrradmin and object is[[ChromeDriver: chrome on XP (c9f168e627cf1607a20b9919ff2fc781)] -> xpath: //*[@id="username"]]]]>
    </line>
    <line>
      <![CDATA[Entered password====>>vrr123 and object is[[ChromeDriver: chrome on XP (c9f168e627cf1607a20b9919ff2fc781)] -> xpath: //*[@id="password"]]]]>
    </line>
    <line>
      <![CDATA[Clicked on submit button isProxy element for: DefaultElementLocator 'By.xpath: /html/body/div[2]/form[1]/div[6]/button']]>
    </line>
    <line>
      <![CDATA[Performing mouse over on user profile dropdown]]>
    </line>
    <line>
      <![CDATA[Clicking on Change password from user profile dropdown]]>
    </line>
    <line>
      <![CDATA[=========>Clicked on Change password option]]>
    </line>
    <line>
      <![CDATA[<a href='C:\src\main\java\com\test\automation\VRRLogistics\screenshot\Screenshot-04_04_2019_03_25_40.png'><img src='C:\src\main\java\com\test\automation\VRRLogistics\screenshot\Screenshot-04_04_2019_03_25_40.png' height='100' width='100'/></a>]]>
    </line>
  </reporter-output>
  <suite name="Default suite" duration-ms="105180" started-at="2019-04-04T09:53:57Z" finished-at="2019-04-04T09:55:42Z">
    <groups>
    </groups>
    <test name="Default test" duration-ms="105180" started-at="2019-04-04T09:53:57Z" finished-at="2019-04-04T09:55:42Z">
      <class name="com.test.automation.VRRLogistics.loginpage.TC005_ChangePassword">
        <test-method status="PASS" signature="setUp()[pri:0, instance:com.test.automation.VRRLogistics.loginpage.TC005_ChangePassword@87f383f]" name="setUp" is-config="true" duration-ms="28005" started-at="2019-04-04T09:53:57Z" finished-at="2019-04-04T09:54:25Z">
          <reporter-output>
          </reporter-output>
        </test-method> <!-- setUp -->
        <test-method status="PASS" signature="beforeMethod(java.lang.reflect.Method)[pri:0, instance:com.test.automation.VRRLogistics.loginpage.TC005_ChangePassword@87f383f]" name="beforeMethod" is-config="true" duration-ms="4" started-at="2019-04-04T09:54:25Z" finished-at="2019-04-04T09:54:25Z">
          <params>
            <param index="0">
              <value>
                <![CDATA[public void com.test.automation.VRRLogistics.loginpage.TC005_ChangePassword.verifyLogo(java.lang.String,java.lang.String,java.lang.String) throws java.lang.Exception]]>
              </value>
            </param>
          </params>
          <reporter-output>
          </reporter-output>
        </test-method> <!-- beforeMethod -->
        <test-method status="PASS" signature="verifyLogo(java.lang.String, java.lang.String, java.lang.String)[pri:0, instance:com.test.automation.VRRLogistics.loginpage.TC005_ChangePassword@87f383f]" name="verifyLogo" duration-ms="74956" started-at="2019-04-04T09:54:25Z" data-provider="getDataFromExcel" finished-at="2019-04-04T09:55:40Z">
          <params>
            <param index="0">
              <value>
                <![CDATA[vrradmin]]>
              </value>
            </param>
            <param index="1">
              <value>
                <![CDATA[vrr123]]>
              </value>
            </param>
            <param index="2">
              <value>
                <![CDATA[y]]>
              </value>
            </param>
          </params>
          <reporter-output>
            <line>
              <![CDATA[=========>Started to click on Change Password option]]>
            </line>
            <line>
              <![CDATA[Entered login id====>>vrradmin and object is[[ChromeDriver: chrome on XP (c9f168e627cf1607a20b9919ff2fc781)] -> xpath: //*[@id="username"]]]]>
            </line>
            <line>
              <![CDATA[Entered password====>>vrr123 and object is[[ChromeDriver: chrome on XP (c9f168e627cf1607a20b9919ff2fc781)] -> xpath: //*[@id="password"]]]]>
            </line>
            <line>
              <![CDATA[Clicked on submit button isProxy element for: DefaultElementLocator 'By.xpath: /html/body/div[2]/form[1]/div[6]/button']]>
            </line>
            <line>
              <![CDATA[Performing mouse over on user profile dropdown]]>
            </line>
            <line>
              <![CDATA[Clicking on Change password from user profile dropdown]]>
            </line>
            <line>
              <![CDATA[=========>Clicked on Change password option]]>
            </line>
          </reporter-output>
        </test-method> <!-- verifyLogo -->
        <test-method status="PASS" signature="afterMethod(org.testng.ITestResult)[pri:0, instance:com.test.automation.VRRLogistics.loginpage.TC005_ChangePassword@87f383f]" name="afterMethod" is-config="true" duration-ms="397" started-at="2019-04-04T09:55:40Z" finished-at="2019-04-04T09:55:41Z">
          <params>
            <param index="0">
              <value>
                <![CDATA[[TestResult name=verifyLogo status=SUCCESS method=TC005_ChangePassword.verifyLogo(java.lang.String, java.lang.String, java.lang.String)[pri:0, instance:com.test.automation.VRRLogistics.loginpage.TC005_ChangePassword@87f383f] output==========>Started to click on Change Password option]]]>
              </value>
            </param>
          </params>
          <reporter-output>
            <line>
              <![CDATA[<a href='C:\src\main\java\com\test\automation\VRRLogistics\screenshot\Screenshot-04_04_2019_03_25_40.png'><img src='C:\src\main\java\com\test\automation\VRRLogistics\screenshot\Screenshot-04_04_2019_03_25_40.png' height='100' width='100'/></a>]]>
            </line>
          </reporter-output>
        </test-method> <!-- afterMethod -->
        <test-method status="PASS" signature="endTest()[pri:0, instance:com.test.automation.VRRLogistics.loginpage.TC005_ChangePassword@87f383f]" name="endTest" is-config="true" duration-ms="1034" started-at="2019-04-04T09:55:41Z" finished-at="2019-04-04T09:55:42Z">
          <reporter-output>
          </reporter-output>
        </test-method> <!-- endTest -->
      </class> <!-- com.test.automation.VRRLogistics.loginpage.TC005_ChangePassword -->
    </test> <!-- Default test -->
  </suite> <!-- Default suite -->
</testng-results>
